Copyright 1986-2018 Xilinx, Inc. All Rights Reserved.
----------------------------------------------------------------------------------------------
| Tool Version : Vivado v.2018.3 (win64) Build 2405991 Thu Dec  6 23:38:27 MST 2018
| Date         : Tue Jan  8 11:45:01 2019
| Host         : LAPTOP-TQUFNLMN running 64-bit major release  (build 9200)
| Command      : report_incremental_reuse -file aes7_wrapper_incremental_reuse_pre_placed.rpt
| Design       : aes7_wrapper
| Device       : xc7z010
| Design State : Fully Routed
----------------------------------------------------------------------------------------------

Incremental Implementation Information

Table of Contents
-----------------
1. Reuse Summary
2. Reference Checkpoint Information
3. Comparison with Reference Run
4. Non Reuse Information

1. Reuse Summary
----------------

+-------+----------------------+--------------------+--------------------+-------+
|  Type | Matched % (of Total) | Reuse % (of Total) | Fixed % (of Total) | Total |
+-------+----------------------+--------------------+--------------------+-------+
| Cells |                97.79 |              97.07 |               7.93 |  1815 |
| Nets  |                98.44 |              95.00 |               0.00 |  1461 |
| Pins  |                    - |              95.52 |                  - |  6036 |
| Ports |               100.00 |             100.00 |             100.00 |   143 |
+-------+----------------------+--------------------+--------------------+-------+


2. Reference Checkpoint Information
-----------------------------------

+----------------+------------------------------------------------------------------------------------+
| DCP Location:  | D:/school/AES/aes7-master/aes7.srcs/utils_1/imports/impl_1/aes7_wrapper_routed.dcp |
+----------------+------------------------------------------------------------------------------------+


+--------------------------------+----------------------------+
|         DCP Information        |            Value           |
+--------------------------------+----------------------------+
| Vivado Version                 |                    v2018.3 |
| DCP State                      |                 POST_ROUTE |
| Recorded WNS                   |                      3.015 |
| Recorded WHS                   |                      0.045 |
| Reference Speed File Version   | PRODUCTION 1.11 2014-09-11 |
| Incremental Speed File Version | PRODUCTION 1.11 2014-09-11 |
+--------------------------------+----------------------------+
* Recorded WNS/WHS timing numbers are estimated timing numbers. They may vary slightly from sign-off timing numbers.


3. Comparison with Reference Run
--------------------------------

+-----------------+---------------------------+---------------------------+---------------------------+
|                 |          WNS(ns)          |  Runtime(elapsed)(hh:mm)  |    Runtime(cpu)(hh:mm)    |
+-----------------+-------------+-------------+-------------+-------------+-------------+-------------+
|      Stage      |  Reference  | Incremental |  Reference  | Incremental |  Reference  | Incremental |
+-----------------+-------------+-------------+-------------+-------------+-------------+-------------+
| synth_design    |             |             |     < 1 min |     < 1 min |     < 1 min |     < 1 min |
| opt_design      |             |             |     < 1 min |     < 1 min |     < 1 min |     < 1 min |
| read_checkpoint |             |             |     < 1 min |     < 1 min |     < 1 min |     < 1 min |
+-----------------+-------------+-------------+-------------+-------------+-------------+-------------+


4. Non Reuse Information
------------------------

+------------------------------------------------------+------+
|                         Type                         |   %  |
+------------------------------------------------------+------+
| Non-Reused Cells                                     | 2.92 |
|   New                                                | 2.20 |
|   Discarded illegal placement due to netlist changes | 0.71 |
| Partially reused nets                                | 0.06 |
| Non-Reused nets                                      | 4.92 |
| Non-Reused Ports                                     | 0.00 |
+------------------------------------------------------+------+


