
*** Running vivado
    with args -log aes7_wrapper.vdi -applog -m64 -product Vivado -messageDb vivado.pb -mode batch -source aes7_wrapper.tcl -notrace


****** Vivado v2018.3 (64-bit)
  **** SW Build 2405991 on Thu Dec  6 23:36:41 MST 2018
  **** IP Build 2404404 on Fri Dec  7 01:43:56 MST 2018
    ** Copyright 1986-2018 Xilinx, Inc. All Rights Reserved.

CRITICAL WARNING: [Common 17-741] No write access right to the local Tcl store at '/home/parallels/.Xilinx/Vivado/2018.3/XilinxTclStore'. XilinxTclStore is reverted to the installation area. If you want to use local Tcl Store, please change the access right and relaunch Vivado.
source aes7_wrapper.tcl -notrace
INFO: [IP_Flow 19-234] Refreshing IP repositories
INFO: [IP_Flow 19-1704] No user IP repositories specified
INFO: [IP_Flow 19-2313] Loaded Vivado IP repository '/tools/Xilinx/Vivado/2018.3/data/ip'.
add_files: Time (s): cpu = 00:00:05 ; elapsed = 00:00:06 . Memory (MB): peak = 1378.168 ; gain = 16.016 ; free physical = 510 ; free virtual = 2548
Command: link_design -top aes7_wrapper -part xc7z010clg400-1
Design is defaulting to srcset: sources_1
Design is defaulting to constrset: constrs_1
INFO: [Project 1-454] Reading design checkpoint '/home/parallels/vivado/aes7/aes7.srcs/sources_1/bd/aes7/ip/aes7_axi_gpio_0_0/aes7_axi_gpio_0_0.dcp' for cell 'aes7_i/axi_gpio_0'
INFO: [Project 1-454] Reading design checkpoint '/home/parallels/vivado/aes7/aes7.srcs/sources_1/bd/aes7/ip/aes7_processing_system7_0_0/aes7_processing_system7_0_0.dcp' for cell 'aes7_i/processing_system7_0'
INFO: [Project 1-454] Reading design checkpoint '/home/parallels/vivado/aes7/aes7.srcs/sources_1/bd/aes7/ip/aes7_pscommunicator_0_0/aes7_pscommunicator_0_0.dcp' for cell 'aes7_i/pscommunicator_0'
INFO: [Project 1-454] Reading design checkpoint '/home/parallels/vivado/aes7/aes7.srcs/sources_1/bd/aes7/ip/aes7_pwm_0_0/aes7_pwm_0_0.dcp' for cell 'aes7_i/pwm_0'
INFO: [Project 1-454] Reading design checkpoint '/home/parallels/vivado/aes7/aes7.srcs/sources_1/bd/aes7/ip/aes7_quaddecoder_0_0/aes7_quaddecoder_0_0.dcp' for cell 'aes7_i/quaddecoder_0'
INFO: [Project 1-454] Reading design checkpoint '/home/parallels/vivado/aes7/aes7.srcs/sources_1/bd/aes7/ip/aes7_rst_ps7_0_50M_2/aes7_rst_ps7_0_50M_2.dcp' for cell 'aes7_i/rst_ps7_0_50M'
INFO: [Project 1-454] Reading design checkpoint '/home/parallels/vivado/aes7/aes7.srcs/sources_1/bd/aes7/ip/aes7_auto_pc_0/aes7_auto_pc_0.dcp' for cell 'aes7_i/ps7_0_axi_periph/s00_couplers/auto_pc'
INFO: [Netlist 29-17] Analyzing 50 Unisim elements for replacement
INFO: [Netlist 29-28] Unisim Transformation completed in 0 CPU seconds
INFO: [Project 1-479] Netlist was created with Vivado 2018.3
INFO: [Device 21-403] Loading part xc7z010clg400-1
INFO: [Project 1-570] Preparing netlist for logic optimization
Parsing XDC File [/home/parallels/vivado/aes7/aes7.srcs/sources_1/bd/aes7/ip/aes7_processing_system7_0_0/aes7_processing_system7_0_0.xdc] for cell 'aes7_i/processing_system7_0/inst'
Finished Parsing XDC File [/home/parallels/vivado/aes7/aes7.srcs/sources_1/bd/aes7/ip/aes7_processing_system7_0_0/aes7_processing_system7_0_0.xdc] for cell 'aes7_i/processing_system7_0/inst'
Parsing XDC File [/home/parallels/vivado/aes7/aes7.srcs/sources_1/bd/aes7/ip/aes7_rst_ps7_0_50M_2/aes7_rst_ps7_0_50M_2_board.xdc] for cell 'aes7_i/rst_ps7_0_50M/U0'
Finished Parsing XDC File [/home/parallels/vivado/aes7/aes7.srcs/sources_1/bd/aes7/ip/aes7_rst_ps7_0_50M_2/aes7_rst_ps7_0_50M_2_board.xdc] for cell 'aes7_i/rst_ps7_0_50M/U0'
Parsing XDC File [/home/parallels/vivado/aes7/aes7.srcs/sources_1/bd/aes7/ip/aes7_rst_ps7_0_50M_2/aes7_rst_ps7_0_50M_2.xdc] for cell 'aes7_i/rst_ps7_0_50M/U0'
Finished Parsing XDC File [/home/parallels/vivado/aes7/aes7.srcs/sources_1/bd/aes7/ip/aes7_rst_ps7_0_50M_2/aes7_rst_ps7_0_50M_2.xdc] for cell 'aes7_i/rst_ps7_0_50M/U0'
Parsing XDC File [/home/parallels/vivado/aes7/aes7.srcs/sources_1/bd/aes7/ip/aes7_axi_gpio_0_0/aes7_axi_gpio_0_0_board.xdc] for cell 'aes7_i/axi_gpio_0/U0'
Finished Parsing XDC File [/home/parallels/vivado/aes7/aes7.srcs/sources_1/bd/aes7/ip/aes7_axi_gpio_0_0/aes7_axi_gpio_0_0_board.xdc] for cell 'aes7_i/axi_gpio_0/U0'
Parsing XDC File [/home/parallels/vivado/aes7/aes7.srcs/sources_1/bd/aes7/ip/aes7_axi_gpio_0_0/aes7_axi_gpio_0_0.xdc] for cell 'aes7_i/axi_gpio_0/U0'
Finished Parsing XDC File [/home/parallels/vivado/aes7/aes7.srcs/sources_1/bd/aes7/ip/aes7_axi_gpio_0_0/aes7_axi_gpio_0_0.xdc] for cell 'aes7_i/axi_gpio_0/U0'
Parsing XDC File [/home/parallels/vivado/aes7/aes7.srcs/constrs_1/imports/digilent-xdc/Zybo-Z7-Master.xdc]
Finished Parsing XDC File [/home/parallels/vivado/aes7/aes7.srcs/constrs_1/imports/digilent-xdc/Zybo-Z7-Master.xdc]
INFO: [Opt 31-138] Pushed 0 inverter(s) to 0 load pin(s).
Netlist sorting complete. Time (s): cpu = 00:00:00 ; elapsed = 00:00:00 . Memory (MB): peak = 1607.277 ; gain = 0.000 ; free physical = 240 ; free virtual = 2278
INFO: [Project 1-111] Unisim Transformation Summary:
No Unisim elements were transformed.

17 Infos, 0 Warnings, 0 Critical Warnings and 0 Errors encountered.
link_design completed successfully
link_design: Time (s): cpu = 00:00:09 ; elapsed = 00:00:11 . Memory (MB): peak = 1607.277 ; gain = 229.109 ; free physical = 240 ; free virtual = 2278
Command: opt_design
Attempting to get a license for feature 'Implementation' and/or device 'xc7z010'
INFO: [Common 17-349] Got license for feature 'Implementation' and/or device 'xc7z010'
Running DRC as a precondition to command opt_design

Starting DRC Task
INFO: [DRC 23-27] Running DRC with 2 threads
INFO: [Project 1-461] DRC finished with 0 Errors
INFO: [Project 1-462] Please refer to the DRC report (report_drc) for more information.

Time (s): cpu = 00:00:00.80 ; elapsed = 00:00:01 . Memory (MB): peak = 1614.266 ; gain = 6.988 ; free physical = 234 ; free virtual = 2273

Starting Cache Timing Information Task
INFO: [Timing 38-35] Done setting XDC timing constraints.
Ending Cache Timing Information Task | Checksum: 25a8bc2d8

Time (s): cpu = 00:00:05 ; elapsed = 00:00:05 . Memory (MB): peak = 2060.828 ; gain = 445.562 ; free physical = 116 ; free virtual = 1906

Starting Logic Optimization Task

Phase 1 Retarget
INFO: [Opt 31-138] Pushed 0 inverter(s) to 0 load pin(s).
INFO: [Opt 31-49] Retargeted 0 cell(s).
Phase 1 Retarget | Checksum: 1ebfebd87

Time (s): cpu = 00:00:00.12 ; elapsed = 00:00:00.11 . Memory (MB): peak = 2139.828 ; gain = 0.000 ; free physical = 120 ; free virtual = 1836
INFO: [Opt 31-389] Phase Retarget created 4 cells and removed 31 cells

Phase 2 Constant propagation
INFO: [Opt 31-138] Pushed 0 inverter(s) to 0 load pin(s).
Phase 2 Constant propagation | Checksum: 267ca51a5

Time (s): cpu = 00:00:00.13 ; elapsed = 00:00:00.13 . Memory (MB): peak = 2139.828 ; gain = 0.000 ; free physical = 120 ; free virtual = 1836
INFO: [Opt 31-389] Phase Constant propagation created 0 cells and removed 8 cells

Phase 3 Sweep
Phase 3 Sweep | Checksum: 1b9af0591

Time (s): cpu = 00:00:00.35 ; elapsed = 00:00:00.37 . Memory (MB): peak = 2139.828 ; gain = 0.000 ; free physical = 120 ; free virtual = 1837
INFO: [Opt 31-389] Phase Sweep created 0 cells and removed 291 cells

Phase 4 BUFG optimization
Phase 4 BUFG optimization | Checksum: 1b9af0591

Time (s): cpu = 00:00:00.38 ; elapsed = 00:00:00.40 . Memory (MB): peak = 2139.828 ; gain = 0.000 ; free physical = 120 ; free virtual = 1837
INFO: [Opt 31-662] Phase BUFG optimization created 0 cells of which 0 are BUFGs and removed 0 cells.

Phase 5 Shift Register Optimization
Phase 5 Shift Register Optimization | Checksum: 1dbedc0ba

Time (s): cpu = 00:00:00.56 ; elapsed = 00:00:00.59 . Memory (MB): peak = 2139.828 ; gain = 0.000 ; free physical = 120 ; free virtual = 1837
INFO: [Opt 31-389] Phase Shift Register Optimization created 0 cells and removed 0 cells

Phase 6 Post Processing Netlist
Phase 6 Post Processing Netlist | Checksum: 1dbedc0ba

Time (s): cpu = 00:00:00.59 ; elapsed = 00:00:00.62 . Memory (MB): peak = 2139.828 ; gain = 0.000 ; free physical = 120 ; free virtual = 1837
INFO: [Opt 31-389] Phase Post Processing Netlist created 0 cells and removed 0 cells
Opt_design Change Summary
=========================


-------------------------------------------------------------------------------------------------------------------------
|  Phase                        |  #Cells created  |  #Cells Removed  |  #Constrained objects preventing optimizations  |
-------------------------------------------------------------------------------------------------------------------------
|  Retarget                     |               4  |              31  |                                              0  |
|  Constant propagation         |               0  |               8  |                                              0  |
|  Sweep                        |               0  |             291  |                                              0  |
|  BUFG optimization            |               0  |               0  |                                              0  |
|  Shift Register Optimization  |               0  |               0  |                                              0  |
|  Post Processing Netlist      |               0  |               0  |                                              0  |
-------------------------------------------------------------------------------------------------------------------------



Starting Connectivity Check Task

Time (s): cpu = 00:00:00.01 ; elapsed = 00:00:00.01 . Memory (MB): peak = 2139.828 ; gain = 0.000 ; free physical = 120 ; free virtual = 1837
Ending Logic Optimization Task | Checksum: 1dbedc0ba

Time (s): cpu = 00:00:00.60 ; elapsed = 00:00:00.63 . Memory (MB): peak = 2139.828 ; gain = 0.000 ; free physical = 120 ; free virtual = 1837

Starting Power Optimization Task
INFO: [Pwropt 34-132] Skipping clock gating for clocks with a period < 2.00 ns.
Ending Power Optimization Task | Checksum: 1dbedc0ba

Time (s): cpu = 00:00:00 ; elapsed = 00:00:00.01 . Memory (MB): peak = 2139.828 ; gain = 0.000 ; free physical = 119 ; free virtual = 1836

Starting Final Cleanup Task
Ending Final Cleanup Task | Checksum: 1dbedc0ba

Time (s): cpu = 00:00:00 ; elapsed = 00:00:00 . Memory (MB): peak = 2139.828 ; gain = 0.000 ; free physical = 119 ; free virtual = 1836

Starting Netlist Obfuscation Task
Netlist sorting complete. Time (s): cpu = 00:00:00 ; elapsed = 00:00:00 . Memory (MB): peak = 2139.828 ; gain = 0.000 ; free physical = 119 ; free virtual = 1836
Ending Netlist Obfuscation Task | Checksum: 1dbedc0ba

Time (s): cpu = 00:00:00 ; elapsed = 00:00:00 . Memory (MB): peak = 2139.828 ; gain = 0.000 ; free physical = 119 ; free virtual = 1836
INFO: [Common 17-83] Releasing license: Implementation
33 Infos, 0 Warnings, 0 Critical Warnings and 0 Errors encountered.
opt_design completed successfully
opt_design: Time (s): cpu = 00:00:07 ; elapsed = 00:00:08 . Memory (MB): peak = 2139.828 ; gain = 532.551 ; free physical = 119 ; free virtual = 1836
Netlist sorting complete. Time (s): cpu = 00:00:00 ; elapsed = 00:00:00 . Memory (MB): peak = 2139.828 ; gain = 0.000 ; free physical = 119 ; free virtual = 1836
INFO: [Timing 38-480] Writing timing data to binary archive.
Writing placer database...
Writing XDEF routing.
Writing XDEF routing logical nets.
Writing XDEF routing special nets.
Write XDEF Complete: Time (s): cpu = 00:00:00.11 ; elapsed = 00:00:00.06 . Memory (MB): peak = 2171.844 ; gain = 0.000 ; free physical = 111 ; free virtual = 1832
Netlist sorting complete. Time (s): cpu = 00:00:00 ; elapsed = 00:00:00 . Memory (MB): peak = 2171.844 ; gain = 0.000 ; free physical = 112 ; free virtual = 1834
INFO: [Common 17-1381] The checkpoint '/home/parallels/vivado/aes7/aes7.runs/impl_1/aes7_wrapper_opt.dcp' has been generated.
INFO: [runtcl-4] Executing : report_drc -file aes7_wrapper_drc_opted.rpt -pb aes7_wrapper_drc_opted.pb -rpx aes7_wrapper_drc_opted.rpx
Command: report_drc -file aes7_wrapper_drc_opted.rpt -pb aes7_wrapper_drc_opted.pb -rpx aes7_wrapper_drc_opted.rpx
INFO: [IP_Flow 19-1839] IP Catalog is up to date.
INFO: [DRC 23-27] Running DRC with 2 threads
WARNING: [Designutils 20-3303] unexpected site type 'IOPAD' in HDPYFinalizeIO
WARNING: [Designutils 20-3303] unexpected site type 'IOPAD' in HDPYFinalizeIO
WARNING: [Designutils 20-3303] unexpected site type 'IOPAD' in HDPYFinalizeIO
WARNING: [Designutils 20-3303] unexpected site type 'IOPAD' in HDPYFinalizeIO
WARNING: [Designutils 20-3303] unexpected site type 'IOPAD' in HDPYFinalizeIO
WARNING: [Designutils 20-3303] unexpected site type 'IOPAD' in HDPYFinalizeIO
WARNING: [Designutils 20-3303] unexpected site type 'IOPAD' in HDPYFinalizeIO
WARNING: [Designutils 20-3303] unexpected site type 'IOPAD' in HDPYFinalizeIO
WARNING: [Designutils 20-3303] unexpected site type 'IOPAD' in HDPYFinalizeIO
WARNING: [Designutils 20-3303] unexpected site type 'IOPAD' in HDPYFinalizeIO
WARNING: [Designutils 20-3303] unexpected site type 'IOPAD' in HDPYFinalizeIO
WARNING: [Designutils 20-3303] unexpected site type 'IOPAD' in HDPYFinalizeIO
WARNING: [Designutils 20-3303] unexpected site type 'IOPAD' in HDPYFinalizeIO
WARNING: [Designutils 20-3303] unexpected site type 'IOPAD' in HDPYFinalizeIO
WARNING: [Designutils 20-3303] unexpected site type 'IOPAD' in HDPYFinalizeIO
WARNING: [Designutils 20-3303] unexpected site type 'IOPAD' in HDPYFinalizeIO
WARNING: [Designutils 20-3303] unexpected site type 'IOPAD' in HDPYFinalizeIO
WARNING: [Designutils 20-3303] unexpected site type 'IOPAD' in HDPYFinalizeIO
WARNING: [Designutils 20-3303] unexpected site type 'IOPAD' in HDPYFinalizeIO
WARNING: [Designutils 20-3303] unexpected site type 'IOPAD' in HDPYFinalizeIO
WARNING: [Designutils 20-3303] unexpected site type 'IOPAD' in HDPYFinalizeIO
WARNING: [Designutils 20-3303] unexpected site type 'IOPAD' in HDPYFinalizeIO
WARNING: [Designutils 20-3303] unexpected site type 'IOPAD' in HDPYFinalizeIO
WARNING: [Designutils 20-3303] unexpected site type 'IOPAD' in HDPYFinalizeIO
WARNING: [Designutils 20-3303] unexpected site type 'IOPAD' in HDPYFinalizeIO
WARNING: [Designutils 20-3303] unexpected site type 'IOPAD' in HDPYFinalizeIO
WARNING: [Designutils 20-3303] unexpected site type 'IOPAD' in HDPYFinalizeIO
WARNING: [Designutils 20-3303] unexpected site type 'IOPAD' in HDPYFinalizeIO
WARNING: [Designutils 20-3303] unexpected site type 'IOPAD' in HDPYFinalizeIO
WARNING: [Designutils 20-3303] unexpected site type 'IOPAD' in HDPYFinalizeIO
WARNING: [Designutils 20-3303] unexpected site type 'IOPAD' in HDPYFinalizeIO
WARNING: [Designutils 20-3303] unexpected site type 'IOPAD' in HDPYFinalizeIO
WARNING: [Designutils 20-3303] unexpected site type 'IOPAD' in HDPYFinalizeIO
WARNING: [Designutils 20-3303] unexpected site type 'IOPAD' in HDPYFinalizeIO
WARNING: [Designutils 20-3303] unexpected site type 'IOPAD' in HDPYFinalizeIO
WARNING: [Designutils 20-3303] unexpected site type 'IOPAD' in HDPYFinalizeIO
WARNING: [Designutils 20-3303] unexpected site type 'IOPAD' in HDPYFinalizeIO
WARNING: [Designutils 20-3303] unexpected site type 'IOPAD' in HDPYFinalizeIO
WARNING: [Designutils 20-3303] unexpected site type 'IOPAD' in HDPYFinalizeIO
WARNING: [Designutils 20-3303] unexpected site type 'IOPAD' in HDPYFinalizeIO
WARNING: [Designutils 20-3303] unexpected site type 'IOPAD' in HDPYFinalizeIO
WARNING: [Designutils 20-3303] unexpected site type 'IOPAD' in HDPYFinalizeIO
WARNING: [Designutils 20-3303] unexpected site type 'IOPAD' in HDPYFinalizeIO
WARNING: [Designutils 20-3303] unexpected site type 'IOPAD' in HDPYFinalizeIO
WARNING: [Designutils 20-3303] unexpected site type 'IOPAD' in HDPYFinalizeIO
WARNING: [Designutils 20-3303] unexpected site type 'IOPAD' in HDPYFinalizeIO
WARNING: [Designutils 20-3303] unexpected site type 'IOPAD' in HDPYFinalizeIO
WARNING: [Designutils 20-3303] unexpected site type 'IOPAD' in HDPYFinalizeIO
WARNING: [Designutils 20-3303] unexpected site type 'IOPAD' in HDPYFinalizeIO
WARNING: [Designutils 20-3303] unexpected site type 'IOPAD' in HDPYFinalizeIO
WARNING: [Designutils 20-3303] unexpected site type 'IOPAD' in HDPYFinalizeIO
WARNING: [Designutils 20-3303] unexpected site type 'IOPAD' in HDPYFinalizeIO
WARNING: [Designutils 20-3303] unexpected site type 'IOPAD' in HDPYFinalizeIO
WARNING: [Designutils 20-3303] unexpected site type 'IOPAD' in HDPYFinalizeIO
WARNING: [Designutils 20-3303] unexpected site type 'IOPAD' in HDPYFinalizeIO
WARNING: [Designutils 20-3303] unexpected site type 'IOPAD' in HDPYFinalizeIO
WARNING: [Designutils 20-3303] unexpected site type 'IOPAD' in HDPYFinalizeIO
WARNING: [Designutils 20-3303] unexpected site type 'IOPAD' in HDPYFinalizeIO
WARNING: [Designutils 20-3303] unexpected site type 'IOPAD' in HDPYFinalizeIO
WARNING: [Designutils 20-3303] unexpected site type 'IOPAD' in HDPYFinalizeIO
WARNING: [Designutils 20-3303] unexpected site type 'IOPAD' in HDPYFinalizeIO
WARNING: [Designutils 20-3303] unexpected site type 'IOPAD' in HDPYFinalizeIO
WARNING: [Designutils 20-3303] unexpected site type 'IOPAD' in HDPYFinalizeIO
WARNING: [Designutils 20-3303] unexpected site type 'IOPAD' in HDPYFinalizeIO
WARNING: [Designutils 20-3303] unexpected site type 'IOPAD' in HDPYFinalizeIO
WARNING: [Designutils 20-3303] unexpected site type 'IOPAD' in HDPYFinalizeIO
WARNING: [Designutils 20-3303] unexpected site type 'IOPAD' in HDPYFinalizeIO
WARNING: [Designutils 20-3303] unexpected site type 'IOPAD' in HDPYFinalizeIO
WARNING: [Designutils 20-3303] unexpected site type 'IOPAD' in HDPYFinalizeIO
WARNING: [Designutils 20-3303] unexpected site type 'IOPAD' in HDPYFinalizeIO
WARNING: [Designutils 20-3303] unexpected site type 'IOPAD' in HDPYFinalizeIO
WARNING: [Designutils 20-3303] unexpected site type 'IOPAD' in HDPYFinalizeIO
WARNING: [Designutils 20-3303] unexpected site type 'IOPAD' in HDPYFinalizeIO
WARNING: [Designutils 20-3303] unexpected site type 'IOPAD' in HDPYFinalizeIO
WARNING: [Designutils 20-3303] unexpected site type 'IOPAD' in HDPYFinalizeIO
WARNING: [Designutils 20-3303] unexpected site type 'IOPAD' in HDPYFinalizeIO
WARNING: [Designutils 20-3303] unexpected site type 'IOPAD' in HDPYFinalizeIO
WARNING: [Designutils 20-3303] unexpected site type 'IOPAD' in HDPYFinalizeIO
WARNING: [Designutils 20-3303] unexpected site type 'IOPAD' in HDPYFinalizeIO
WARNING: [Designutils 20-3303] unexpected site type 'IOPAD' in HDPYFinalizeIO
WARNING: [Designutils 20-3303] unexpected site type 'IOPAD' in HDPYFinalizeIO
WARNING: [Designutils 20-3303] unexpected site type 'IOPAD' in HDPYFinalizeIO
WARNING: [Designutils 20-3303] unexpected site type 'IOPAD' in HDPYFinalizeIO
WARNING: [Designutils 20-3303] unexpected site type 'IOPAD' in HDPYFinalizeIO
WARNING: [Designutils 20-3303] unexpected site type 'IOPAD' in HDPYFinalizeIO
WARNING: [Designutils 20-3303] unexpected site type 'IOPAD' in HDPYFinalizeIO
WARNING: [Designutils 20-3303] unexpected site type 'IOPAD' in HDPYFinalizeIO
WARNING: [Designutils 20-3303] unexpected site type 'IOPAD' in HDPYFinalizeIO
WARNING: [Designutils 20-3303] unexpected site type 'IOPAD' in HDPYFinalizeIO
WARNING: [Designutils 20-3303] unexpected site type 'IOPAD' in HDPYFinalizeIO
WARNING: [Designutils 20-3303] unexpected site type 'IOPAD' in HDPYFinalizeIO
WARNING: [Designutils 20-3303] unexpected site type 'IOPAD' in HDPYFinalizeIO
WARNING: [Designutils 20-3303] unexpected site type 'IOPAD' in HDPYFinalizeIO
WARNING: [Designutils 20-3303] unexpected site type 'IOPAD' in HDPYFinalizeIO
WARNING: [Designutils 20-3303] unexpected site type 'IOPAD' in HDPYFinalizeIO
WARNING: [Designutils 20-3303] unexpected site type 'IOPAD' in HDPYFinalizeIO
WARNING: [Designutils 20-3303] unexpected site type 'IOPAD' in HDPYFinalizeIO
WARNING: [Designutils 20-3303] unexpected site type 'IOPAD' in HDPYFinalizeIO
WARNING: [Designutils 20-3303] unexpected site type 'IOPAD' in HDPYFinalizeIO
WARNING: [Designutils 20-3303] unexpected site type 'IOPAD' in HDPYFinalizeIO
INFO: [Common 17-14] Message 'Designutils 20-3303' appears 100 times and further instances of the messages will be disabled. Use the Tcl command set_msg_config to change the current settings.
INFO: [Coretcl 2-168] The results of DRC are in file /home/parallels/vivado/aes7/aes7.runs/impl_1/aes7_wrapper_drc_opted.rpt.
report_drc completed successfully
Command: read_checkpoint -auto_incremental -incremental /home/parallels/vivado/aes7/aes7.srcs/utils_1/imports/impl_1/aes7_wrapper_routed.dcp

Starting Incremental read checkpoint Task

Phase 1 Process Reference Checkpoint Netlist
INFO: [Netlist 29-17] Analyzing 50 Unisim elements for replacement
INFO: [Netlist 29-28] Unisim Transformation completed in 0 CPU seconds

Time (s): cpu = 00:00:00.22 ; elapsed = 00:00:00.33 . Memory (MB): peak = 2211.863 ; gain = 0.000 ; free physical = 110 ; free virtual = 1815

Phase 2 Initialization
Netlist sorting complete. Time (s): cpu = 00:00:00 ; elapsed = 00:00:00 . Memory (MB): peak = 2211.863 ; gain = 0.000 ; free physical = 109 ; free virtual = 1815
Netlist sorting complete. Time (s): cpu = 00:00:00 ; elapsed = 00:00:00 . Memory (MB): peak = 2211.863 ; gain = 0.000 ; free physical = 109 ; free virtual = 1815

Time (s): cpu = 00:00:00.32 ; elapsed = 00:00:00.42 . Memory (MB): peak = 2211.863 ; gain = 0.000 ; free physical = 109 ; free virtual = 1815

Phase 3 Replay Physical Synthesis Transforms
INFO: [Physopt 32-721] Multithreading enabled for phys_opt_design using a maximum of 2 CPUs
INFO: [Timing 38-35] Done setting XDC timing constraints.
INFO: [Vivado_Tcl 4-521] iPhys_opt_design summary: tried 0 changes and 0 changes are successfully applied

Time (s): cpu = 00:00:00.65 ; elapsed = 00:00:00.78 . Memory (MB): peak = 2211.863 ; gain = 0.000 ; free physical = 104 ; free virtual = 1813

Phase 4 Build Reuse DB
Reading placer database...
Read XDEF File: Time (s): cpu = 00:00:00.16 ; elapsed = 00:00:00.17 . Memory (MB): peak = 2211.863 ; gain = 0.000 ; free physical = 114 ; free virtual = 1812
Finished XDEF File Restore: Time (s): cpu = 00:00:00.24 ; elapsed = 00:00:00.26 . Memory (MB): peak = 2211.863 ; gain = 0.000 ; free physical = 114 ; free virtual = 1812
INFO: [Designutils 20-2297] Reference Design: /home/parallels/vivado/aes7/aes7.srcs/utils_1/imports/impl_1/aes7_wrapper_routed.dcp, Summary | WNS = 13.356 | WHS = 0.044 | State = POST_ROUTE |

Time (s): cpu = 00:00:01 ; elapsed = 00:00:01 . Memory (MB): peak = 2211.863 ; gain = 0.000 ; free physical = 113 ; free virtual = 1810

Phase 5 Checking legality
Phase 5 Checking legality | Checksum: 12594835b

Time (s): cpu = 00:00:01 ; elapsed = 00:00:01 . Memory (MB): peak = 2211.863 ; gain = 0.000 ; free physical = 111 ; free virtual = 1809

Phase 6 Reporting

Incremental Implementation Information

Table of Contents
-----------------
1. Reuse Summary
2. Reference Checkpoint Information
3. Comparison with Reference Run
4. Non Reuse Information

1. Reuse Summary
----------------

+-------+----------------------+--------------------+--------------------+-------+
|  Type | Matched % (of Total) | Reuse % (of Total) | Fixed % (of Total) | Total |
+-------+----------------------+--------------------+--------------------+-------+
| Cells |                98.07 |              98.07 |               8.59 |  1663 |
| Nets  |               100.00 |              94.95 |               0.00 |  1327 |
| Pins  |                    - |              95.54 |                  - |  5501 |
| Ports |               100.00 |             100.00 |             100.00 |   142 |
+-------+----------------------+--------------------+--------------------+-------+


2. Reference Checkpoint Information
-----------------------------------

+----------------+--------------------------------------------------------------------------------------+
| DCP Location:  | /home/parallels/vivado/aes7/aes7.srcs/utils_1/imports/impl_1/aes7_wrapper_routed.dcp |
+----------------+--------------------------------------------------------------------------------------+


+--------------------------------+----------------------------+
|         DCP Information        |            Value           |
+--------------------------------+----------------------------+
| Vivado Version                 |                    v2018.3 |
| DCP State                      |                 POST_ROUTE |
| Recorded WNS                   |                     13.356 |
| Recorded WHS                   |                      0.044 |
| Reference Speed File Version   | PRODUCTION 1.11 2014-09-11 |
| Incremental Speed File Version | PRODUCTION 1.11 2014-09-11 |
+--------------------------------+----------------------------+
* Recorded WNS/WHS timing numbers are estimated timing numbers. They may vary slightly from sign-off timing numbers.


3. Comparison with Reference Run
--------------------------------

+-----------------+---------------------------+---------------------------+---------------------------+
|                 |          WNS(ns)          |  Runtime(elapsed)(hh:mm)  |    Runtime(cpu)(hh:mm)    |
+-----------------+-------------+-------------+-------------+-------------+-------------+-------------+
|      Stage      |  Reference  | Incremental |  Reference  | Incremental |  Reference  | Incremental |
+-----------------+-------------+-------------+-------------+-------------+-------------+-------------+
| synth_design    |             |             |     < 1 min |     < 1 min |     < 1 min |     < 1 min |
| opt_design      |             |             |     < 1 min |     < 1 min |     < 1 min |     < 1 min |
| read_checkpoint |             |             |     < 1 min |             |     < 1 min |             |
+-----------------+-------------+-------------+-------------+-------------+-------------+-------------+


4. Non Reuse Information
------------------------

+-----------------------+------+
|          Type         |   %  |
+-----------------------+------+
| Non-Reused Cells      | 1.92 |
|   New                 | 1.92 |
| Partially reused nets | 0.07 |
| Non-Reused nets       | 4.97 |
| Non-Reused Ports      | 0.00 |
+-----------------------+------+



Time (s): cpu = 00:00:01 ; elapsed = 00:00:01 . Memory (MB): peak = 2211.863 ; gain = 0.000 ; free physical = 123 ; free virtual = 1820

Time (s): cpu = 00:00:01 ; elapsed = 00:00:01 . Memory (MB): peak = 2211.863 ; gain = 0.000 ; free physical = 123 ; free virtual = 1821
INFO: [Vivado_Tcl 4-115] Reporting incremental reuse summary using design-checkpoint file '/home/parallels/vivado/aes7/aes7.srcs/utils_1/imports/impl_1/aes7_wrapper_routed.dcp'

Starting Report Incremental Reuse Task

Time (s): cpu = 00:00:00.06 ; elapsed = 00:00:00.09 . Memory (MB): peak = 2211.863 ; gain = 0.000 ; free physical = 122 ; free virtual = 1820
report_incremental_reuse: Time (s): cpu = 00:00:00.06 ; elapsed = 00:00:00.09 . Memory (MB): peak = 2211.863 ; gain = 0.000 ; free physical = 122 ; free virtual = 1820
Command: place_design
Attempting to get a license for feature 'Implementation' and/or device 'xc7z010'
INFO: [Common 17-349] Got license for feature 'Implementation' and/or device 'xc7z010'

Starting Incremental Placer Task
INFO: [Vivado_Tcl 4-24] Running Incremental Placer flow for unplaced cells using reference design-checkpoint '/home/parallels/vivado/aes7/aes7.srcs/utils_1/imports/impl_1/aes7_wrapper_routed.dcp'.
INFO: [Place 46-42] Incremental Compile is being run in High Reuse Mode.
INFO: [Place 46-44] place_design is using directive Default with target WNS of 0 ns.

Phase 1 Placer Initialization

Phase 1.1 Placer Initialization Netlist Sorting
Netlist sorting complete. Time (s): cpu = 00:00:00 ; elapsed = 00:00:00 . Memory (MB): peak = 2211.863 ; gain = 0.000 ; free physical = 122 ; free virtual = 1819
Phase 1.1 Placer Initialization Netlist Sorting | Checksum: 12594835b

Time (s): cpu = 00:00:00.01 ; elapsed = 00:00:00.02 . Memory (MB): peak = 2211.863 ; gain = 0.000 ; free physical = 121 ; free virtual = 1819

Phase 1.2 IO Placement/ Clock Placement/ Build Placer Device
Phase 1.2 IO Placement/ Clock Placement/ Build Placer Device | Checksum: 12594835b

Time (s): cpu = 00:00:00.50 ; elapsed = 00:00:00.61 . Memory (MB): peak = 2211.863 ; gain = 0.000 ; free physical = 126 ; free virtual = 1802

Phase 1.3 Build Placer Netlist Model
Phase 1.3 Build Placer Netlist Model | Checksum: 21e99d14e

Time (s): cpu = 00:00:00.87 ; elapsed = 00:00:00.92 . Memory (MB): peak = 2211.863 ; gain = 0.000 ; free physical = 125 ; free virtual = 1802

Phase 1.4 Constrain Clocks/Macros
Phase 1.4 Constrain Clocks/Macros | Checksum: 21e99d14e

Time (s): cpu = 00:00:00.88 ; elapsed = 00:00:00.93 . Memory (MB): peak = 2211.863 ; gain = 0.000 ; free physical = 125 ; free virtual = 1802
Phase 1 Placer Initialization | Checksum: 21e99d14e

Time (s): cpu = 00:00:00.88 ; elapsed = 00:00:00.94 . Memory (MB): peak = 2211.863 ; gain = 0.000 ; free physical = 125 ; free virtual = 1802
WARNING: [Designutils 20-3303] unexpected site type 'IOPAD' in HDPYFinalizeIO
WARNING: [Designutils 20-3303] unexpected site type 'IOPAD' in HDPYFinalizeIO
WARNING: [Designutils 20-3303] unexpected site type 'IOPAD' in HDPYFinalizeIO
WARNING: [Designutils 20-3303] unexpected site type 'IOPAD' in HDPYFinalizeIO
WARNING: [Designutils 20-3303] unexpected site type 'IOPAD' in HDPYFinalizeIO
WARNING: [Designutils 20-3303] unexpected site type 'IOPAD' in HDPYFinalizeIO
WARNING: [Designutils 20-3303] unexpected site type 'IOPAD' in HDPYFinalizeIO
WARNING: [Designutils 20-3303] unexpected site type 'IOPAD' in HDPYFinalizeIO
WARNING: [Designutils 20-3303] unexpected site type 'IOPAD' in HDPYFinalizeIO
WARNING: [Designutils 20-3303] unexpected site type 'IOPAD' in HDPYFinalizeIO
WARNING: [Designutils 20-3303] unexpected site type 'IOPAD' in HDPYFinalizeIO
WARNING: [Designutils 20-3303] unexpected site type 'IOPAD' in HDPYFinalizeIO
WARNING: [Designutils 20-3303] unexpected site type 'IOPAD' in HDPYFinalizeIO
WARNING: [Designutils 20-3303] unexpected site type 'IOPAD' in HDPYFinalizeIO
WARNING: [Designutils 20-3303] unexpected site type 'IOPAD' in HDPYFinalizeIO
WARNING: [Designutils 20-3303] unexpected site type 'IOPAD' in HDPYFinalizeIO
WARNING: [Designutils 20-3303] unexpected site type 'IOPAD' in HDPYFinalizeIO
WARNING: [Designutils 20-3303] unexpected site type 'IOPAD' in HDPYFinalizeIO
WARNING: [Designutils 20-3303] unexpected site type 'IOPAD' in HDPYFinalizeIO
WARNING: [Designutils 20-3303] unexpected site type 'IOPAD' in HDPYFinalizeIO
WARNING: [Designutils 20-3303] unexpected site type 'IOPAD' in HDPYFinalizeIO
WARNING: [Designutils 20-3303] unexpected site type 'IOPAD' in HDPYFinalizeIO
WARNING: [Designutils 20-3303] unexpected site type 'IOPAD' in HDPYFinalizeIO
WARNING: [Designutils 20-3303] unexpected site type 'IOPAD' in HDPYFinalizeIO
WARNING: [Designutils 20-3303] unexpected site type 'IOPAD' in HDPYFinalizeIO
WARNING: [Designutils 20-3303] unexpected site type 'IOPAD' in HDPYFinalizeIO
WARNING: [Designutils 20-3303] unexpected site type 'IOPAD' in HDPYFinalizeIO
WARNING: [Designutils 20-3303] unexpected site type 'IOPAD' in HDPYFinalizeIO
WARNING: [Designutils 20-3303] unexpected site type 'IOPAD' in HDPYFinalizeIO
WARNING: [Designutils 20-3303] unexpected site type 'IOPAD' in HDPYFinalizeIO
WARNING: [Designutils 20-3303] unexpected site type 'IOPAD' in HDPYFinalizeIO
WARNING: [Designutils 20-3303] unexpected site type 'IOPAD' in HDPYFinalizeIO
WARNING: [Designutils 20-3303] unexpected site type 'IOPAD' in HDPYFinalizeIO
WARNING: [Designutils 20-3303] unexpected site type 'IOPAD' in HDPYFinalizeIO
WARNING: [Designutils 20-3303] unexpected site type 'IOPAD' in HDPYFinalizeIO
WARNING: [Designutils 20-3303] unexpected site type 'IOPAD' in HDPYFinalizeIO
WARNING: [Designutils 20-3303] unexpected site type 'IOPAD' in HDPYFinalizeIO
WARNING: [Designutils 20-3303] unexpected site type 'IOPAD' in HDPYFinalizeIO
WARNING: [Designutils 20-3303] unexpected site type 'IOPAD' in HDPYFinalizeIO
WARNING: [Designutils 20-3303] unexpected site type 'IOPAD' in HDPYFinalizeIO
WARNING: [Designutils 20-3303] unexpected site type 'IOPAD' in HDPYFinalizeIO
WARNING: [Designutils 20-3303] unexpected site type 'IOPAD' in HDPYFinalizeIO
WARNING: [Designutils 20-3303] unexpected site type 'IOPAD' in HDPYFinalizeIO
WARNING: [Designutils 20-3303] unexpected site type 'IOPAD' in HDPYFinalizeIO
WARNING: [Designutils 20-3303] unexpected site type 'IOPAD' in HDPYFinalizeIO
WARNING: [Designutils 20-3303] unexpected site type 'IOPAD' in HDPYFinalizeIO
WARNING: [Designutils 20-3303] unexpected site type 'IOPAD' in HDPYFinalizeIO
WARNING: [Designutils 20-3303] unexpected site type 'IOPAD' in HDPYFinalizeIO
WARNING: [Designutils 20-3303] unexpected site type 'IOPAD' in HDPYFinalizeIO
WARNING: [Designutils 20-3303] unexpected site type 'IOPAD' in HDPYFinalizeIO
WARNING: [Designutils 20-3303] unexpected site type 'IOPAD' in HDPYFinalizeIO
WARNING: [Designutils 20-3303] unexpected site type 'IOPAD' in HDPYFinalizeIO
WARNING: [Designutils 20-3303] unexpected site type 'IOPAD' in HDPYFinalizeIO
WARNING: [Designutils 20-3303] unexpected site type 'IOPAD' in HDPYFinalizeIO
WARNING: [Designutils 20-3303] unexpected site type 'IOPAD' in HDPYFinalizeIO
WARNING: [Designutils 20-3303] unexpected site type 'IOPAD' in HDPYFinalizeIO
WARNING: [Designutils 20-3303] unexpected site type 'IOPAD' in HDPYFinalizeIO
WARNING: [Designutils 20-3303] unexpected site type 'IOPAD' in HDPYFinalizeIO
WARNING: [Designutils 20-3303] unexpected site type 'IOPAD' in HDPYFinalizeIO
WARNING: [Designutils 20-3303] unexpected site type 'IOPAD' in HDPYFinalizeIO
WARNING: [Designutils 20-3303] unexpected site type 'IOPAD' in HDPYFinalizeIO
WARNING: [Designutils 20-3303] unexpected site type 'IOPAD' in HDPYFinalizeIO
WARNING: [Designutils 20-3303] unexpected site type 'IOPAD' in HDPYFinalizeIO
WARNING: [Designutils 20-3303] unexpected site type 'IOPAD' in HDPYFinalizeIO
WARNING: [Designutils 20-3303] unexpected site type 'IOPAD' in HDPYFinalizeIO
WARNING: [Designutils 20-3303] unexpected site type 'IOPAD' in HDPYFinalizeIO
WARNING: [Designutils 20-3303] unexpected site type 'IOPAD' in HDPYFinalizeIO
WARNING: [Designutils 20-3303] unexpected site type 'IOPAD' in HDPYFinalizeIO
WARNING: [Designutils 20-3303] unexpected site type 'IOPAD' in HDPYFinalizeIO
WARNING: [Designutils 20-3303] unexpected site type 'IOPAD' in HDPYFinalizeIO
WARNING: [Designutils 20-3303] unexpected site type 'IOPAD' in HDPYFinalizeIO
WARNING: [Designutils 20-3303] unexpected site type 'IOPAD' in HDPYFinalizeIO
WARNING: [Designutils 20-3303] unexpected site type 'IOPAD' in HDPYFinalizeIO

Phase 2 Global Placement

Phase 2.1 Floorplanning
Phase 2.1 Floorplanning | Checksum: 218af019a

Time (s): cpu = 00:00:01 ; elapsed = 00:00:01 . Memory (MB): peak = 2211.863 ; gain = 0.000 ; free physical = 121 ; free virtual = 1799

Phase 2.2 Physical Synthesis In Placer
INFO: [Physopt 32-65] No nets found for high-fanout optimization.
INFO: [Physopt 32-232] Optimized 0 net. Created 0 new instance.
INFO: [Physopt 32-775] End 1 Pass. Optimized 0 net or cell. Created 0 new cell, deleted 0 existing cell and moved 0 existing cell
INFO: [Physopt 32-670] No setup violation found.  DSP Register Optimization was not performed.
INFO: [Physopt 32-670] No setup violation found.  Shift Register Optimization was not performed.
INFO: [Physopt 32-670] No setup violation found.  BRAM Register Optimization was not performed.
INFO: [Physopt 32-949] No candidate nets found for HD net replication
INFO: [Physopt 32-775] End 1 Pass. Optimized 0 net or cell. Created 0 new cell, deleted 0 existing cell and moved 0 existing cell
Netlist sorting complete. Time (s): cpu = 00:00:00 ; elapsed = 00:00:00 . Memory (MB): peak = 2211.863 ; gain = 0.000 ; free physical = 116 ; free virtual = 1796

Summary of Physical Synthesis Optimizations
============================================


----------------------------------------------------------------------------------------------------------------------------------------
|  Optimization                  |  Added Cells  |  Removed Cells  |  Optimized Cells/Nets  |  Dont Touch  |  Iterations  |  Elapsed   |
----------------------------------------------------------------------------------------------------------------------------------------
|  Very High Fanout              |            0  |              0  |                     0  |           0  |           1  |  00:00:00  |
|  DSP Register                  |            0  |              0  |                     0  |           0  |           0  |  00:00:00  |
|  Shift Register                |            0  |              0  |                     0  |           0  |           0  |  00:00:00  |
|  BRAM Register                 |            0  |              0  |                     0  |           0  |           0  |  00:00:00  |
|  HD Interface Net Replication  |            0  |              0  |                     0  |           0  |           1  |  00:00:00  |
|  Total                         |            0  |              0  |                     0  |           0  |           2  |  00:00:00  |
----------------------------------------------------------------------------------------------------------------------------------------


Phase 2.2 Physical Synthesis In Placer | Checksum: 1836ed1dc

Time (s): cpu = 00:00:02 ; elapsed = 00:00:02 . Memory (MB): peak = 2211.863 ; gain = 0.000 ; free physical = 116 ; free virtual = 1796
Phase 2 Global Placement | Checksum: 1ee1e223c

Time (s): cpu = 00:00:02 ; elapsed = 00:00:02 . Memory (MB): peak = 2211.863 ; gain = 0.000 ; free physical = 116 ; free virtual = 1796

Phase 3 Detail Placement

Phase 3.1 Commit Multi Column Macros
Phase 3.1 Commit Multi Column Macros | Checksum: 1abbb2b66

Time (s): cpu = 00:00:02 ; elapsed = 00:00:02 . Memory (MB): peak = 2211.863 ; gain = 0.000 ; free physical = 115 ; free virtual = 1796

Phase 3.2 Commit Most Macros & LUTRAMs
Phase 3.2 Commit Most Macros & LUTRAMs | Checksum: 24f30db8b

Time (s): cpu = 00:00:02 ; elapsed = 00:00:02 . Memory (MB): peak = 2211.863 ; gain = 0.000 ; free physical = 116 ; free virtual = 1796

Phase 3.3 Place Remaining
Phase 3.3 Place Remaining | Checksum: 1f33e6412

Time (s): cpu = 00:00:02 ; elapsed = 00:00:02 . Memory (MB): peak = 2211.863 ; gain = 0.000 ; free physical = 115 ; free virtual = 1796
Phase 3 Detail Placement | Checksum: 1d69db8fa

Time (s): cpu = 00:00:02 ; elapsed = 00:00:02 . Memory (MB): peak = 2211.863 ; gain = 0.000 ; free physical = 115 ; free virtual = 1796

Phase 4 Post Placement Optimization and Clean-Up

Phase 4.1 Post Commit Optimization

Phase 4.1.1 Post Placement Optimization
Post Placement Optimization Initialization | Checksum: c75960a6

Phase 4.1.1.1 BUFG Insertion
INFO: [Place 46-46] BUFG insertion identified 0 candidate nets, 0 success, 0 bufg driver replicated, 0 skipped for placement/routing, 0 skipped for timing, 0 skipped for netlist change reason
Phase 4.1.1.1 BUFG Insertion | Checksum: c75960a6

Time (s): cpu = 00:00:03 ; elapsed = 00:00:02 . Memory (MB): peak = 2211.863 ; gain = 0.000 ; free physical = 115 ; free virtual = 1796
INFO: [Place 30-746] Post Placement Timing Summary WNS=13.353. For the most accurate timing information please run report_timing.
Phase 4.1.1 Post Placement Optimization | Checksum: 1338c2b0c

Time (s): cpu = 00:00:03 ; elapsed = 00:00:02 . Memory (MB): peak = 2211.863 ; gain = 0.000 ; free physical = 115 ; free virtual = 1796
Phase 4.1 Post Commit Optimization | Checksum: 1338c2b0c

Time (s): cpu = 00:00:03 ; elapsed = 00:00:02 . Memory (MB): peak = 2211.863 ; gain = 0.000 ; free physical = 115 ; free virtual = 1796

Phase 4.2 Post Placement Cleanup
Phase 4.2 Post Placement Cleanup | Checksum: 1338c2b0c

Time (s): cpu = 00:00:03 ; elapsed = 00:00:02 . Memory (MB): peak = 2211.863 ; gain = 0.000 ; free physical = 116 ; free virtual = 1797

Phase 4.3 Sweep Clock Roots: Post-Placement
Phase 4.3 Sweep Clock Roots: Post-Placement | Checksum: 1338c2b0c

Time (s): cpu = 00:00:03 ; elapsed = 00:00:02 . Memory (MB): peak = 2211.863 ; gain = 0.000 ; free physical = 116 ; free virtual = 1797

Phase 4.4 Placer Reporting
Phase 4.4 Placer Reporting | Checksum: 1338c2b0c

Time (s): cpu = 00:00:03 ; elapsed = 00:00:02 . Memory (MB): peak = 2211.863 ; gain = 0.000 ; free physical = 116 ; free virtual = 1797

Phase 4.5 Final Placement Cleanup
Netlist sorting complete. Time (s): cpu = 00:00:00 ; elapsed = 00:00:00 . Memory (MB): peak = 2211.863 ; gain = 0.000 ; free physical = 116 ; free virtual = 1797
Phase 4.5 Final Placement Cleanup | Checksum: 19ef94167

Time (s): cpu = 00:00:03 ; elapsed = 00:00:02 . Memory (MB): peak = 2211.863 ; gain = 0.000 ; free physical = 116 ; free virtual = 1797
Phase 4 Post Placement Optimization and Clean-Up | Checksum: 19ef94167

Time (s): cpu = 00:00:03 ; elapsed = 00:00:02 . Memory (MB): peak = 2211.863 ; gain = 0.000 ; free physical = 116 ; free virtual = 1797
INFO: [Place 46-3] During incremental compilation, routing data from the original checkpoint is applied during place_design. As a result, dangling route segments and route conflicts may appear in the post place_design implementation due to changes between the original and incremental netlists. These routes can be ignored as they will be subsequently resolved by route_design. This issue will be cleaned up automatically in place_design in a future software release.

+-------------------------------------------------------------------------------+
|Incremental Placement Summary                                                  |
+-------------------------------------------------------------------------------+
|                          Type                           | Count  | Percentage |
+-------------------------------------------------------------------------------+
|  Total instances                                        |   1663 |     100.00 |
|  Reused instances                                       |   1631 |      98.08 |
|  Non-reused instances                                   |     32 |       1.92 |
|    New                                                  |     32 |       1.92 |
+-------------------------------------------------------------------------------+
|Incremental Placement Runtime Summary                                          |
+-------------------------------------------------------------------------------+
|  Initialization time(elapsed secs)                                   |   0.94 |
|  Incremental Placer time(elapsed secs)                               |   1.44 |
+-------------------------------------------------------------------------------+

Reference - Incremental Comparison Summary

1. Comparison with Reference Run
--------------------------------

+-----------------+---------------------------+---------------------------+---------------------------+
|                 |          WNS(ns)          |  Runtime(elapsed)(hh:mm)  |    Runtime(cpu)(hh:mm)    |
+-----------------+-------------+-------------+-------------+-------------+-------------+-------------+
|      Stage      |  Reference  | Incremental |  Reference  | Incremental |  Reference  | Incremental |
+-----------------+-------------+-------------+-------------+-------------+-------------+-------------+
| synth_design    |             |             |     < 1 min |     < 1 min |     < 1 min |     < 1 min |
| opt_design      |             |             |     < 1 min |     < 1 min |     < 1 min |     < 1 min |
| read_checkpoint |             |             |     < 1 min |     < 1 min |     < 1 min |     < 1 min |
| place_design    |      13.143 |      13.353 |     < 1 min |     < 1 min |     < 1 min |     < 1 min |
+-----------------+-------------+-------------+-------------+-------------+-------------+-------------+


Ending Incremental Placer Task | Checksum: e73b4e7a

Time (s): cpu = 00:00:03 ; elapsed = 00:00:02 . Memory (MB): peak = 2211.863 ; gain = 0.000 ; free physical = 118 ; free virtual = 1799
INFO: [Common 17-83] Releasing license: Implementation
63 Infos, 173 Warnings, 0 Critical Warnings and 0 Errors encountered.
place_design completed successfully
Netlist sorting complete. Time (s): cpu = 00:00:00 ; elapsed = 00:00:00 . Memory (MB): peak = 2211.863 ; gain = 0.000 ; free physical = 118 ; free virtual = 1799
INFO: [Timing 38-480] Writing timing data to binary archive.
Writing placer database...
Netlist sorting complete. Time (s): cpu = 00:00:00 ; elapsed = 00:00:00 . Memory (MB): peak = 2211.863 ; gain = 0.000 ; free physical = 111 ; free virtual = 1797
Writing XDEF routing.
Writing XDEF routing logical nets.
Writing XDEF routing special nets.
Write XDEF Complete: Time (s): cpu = 00:00:00.24 ; elapsed = 00:00:00.17 . Memory (MB): peak = 2211.863 ; gain = 0.000 ; free physical = 109 ; free virtual = 1797
INFO: [Common 17-1381] The checkpoint '/home/parallels/vivado/aes7/aes7.runs/impl_1/aes7_wrapper_placed.dcp' has been generated.
INFO: [runtcl-4] Executing : report_io -file aes7_wrapper_io_placed.rpt
report_io: Time (s): cpu = 00:00:00.09 ; elapsed = 00:00:00.14 . Memory (MB): peak = 2211.863 ; gain = 0.000 ; free physical = 119 ; free virtual = 1787
INFO: [runtcl-4] Executing : report_utilization -file aes7_wrapper_utilization_placed.rpt -pb aes7_wrapper_utilization_placed.pb
INFO: [runtcl-4] Executing : report_control_sets -verbose -file aes7_wrapper_control_sets_placed.rpt
report_control_sets: Time (s): cpu = 00:00:00.02 ; elapsed = 00:00:00.08 . Memory (MB): peak = 2211.863 ; gain = 0.000 ; free physical = 128 ; free virtual = 1796
Command: route_design
Attempting to get a license for feature 'Implementation' and/or device 'xc7z010'
INFO: [Common 17-349] Got license for feature 'Implementation' and/or device 'xc7z010'
Running DRC as a precondition to command route_design
INFO: [DRC 23-27] Running DRC with 2 threads
WARNING: [Designutils 20-3303] unexpected site type 'IOPAD' in HDPYFinalizeIO
WARNING: [Designutils 20-3303] unexpected site type 'IOPAD' in HDPYFinalizeIO
WARNING: [Designutils 20-3303] unexpected site type 'IOPAD' in HDPYFinalizeIO
WARNING: [Designutils 20-3303] unexpected site type 'IOPAD' in HDPYFinalizeIO
WARNING: [Designutils 20-3303] unexpected site type 'IOPAD' in HDPYFinalizeIO
WARNING: [Designutils 20-3303] unexpected site type 'IOPAD' in HDPYFinalizeIO
WARNING: [Designutils 20-3303] unexpected site type 'IOPAD' in HDPYFinalizeIO
WARNING: [Designutils 20-3303] unexpected site type 'IOPAD' in HDPYFinalizeIO
WARNING: [Designutils 20-3303] unexpected site type 'IOPAD' in HDPYFinalizeIO
WARNING: [Designutils 20-3303] unexpected site type 'IOPAD' in HDPYFinalizeIO
WARNING: [Designutils 20-3303] unexpected site type 'IOPAD' in HDPYFinalizeIO
WARNING: [Designutils 20-3303] unexpected site type 'IOPAD' in HDPYFinalizeIO
WARNING: [Designutils 20-3303] unexpected site type 'IOPAD' in HDPYFinalizeIO
WARNING: [Designutils 20-3303] unexpected site type 'IOPAD' in HDPYFinalizeIO
WARNING: [Designutils 20-3303] unexpected site type 'IOPAD' in HDPYFinalizeIO
WARNING: [Designutils 20-3303] unexpected site type 'IOPAD' in HDPYFinalizeIO
WARNING: [Designutils 20-3303] unexpected site type 'IOPAD' in HDPYFinalizeIO
WARNING: [Designutils 20-3303] unexpected site type 'IOPAD' in HDPYFinalizeIO
WARNING: [Designutils 20-3303] unexpected site type 'IOPAD' in HDPYFinalizeIO
WARNING: [Designutils 20-3303] unexpected site type 'IOPAD' in HDPYFinalizeIO
WARNING: [Designutils 20-3303] unexpected site type 'IOPAD' in HDPYFinalizeIO
WARNING: [Designutils 20-3303] unexpected site type 'IOPAD' in HDPYFinalizeIO
WARNING: [Designutils 20-3303] unexpected site type 'IOPAD' in HDPYFinalizeIO
WARNING: [Designutils 20-3303] unexpected site type 'IOPAD' in HDPYFinalizeIO
WARNING: [Designutils 20-3303] unexpected site type 'IOPAD' in HDPYFinalizeIO
WARNING: [Designutils 20-3303] unexpected site type 'IOPAD' in HDPYFinalizeIO
WARNING: [Designutils 20-3303] unexpected site type 'IOPAD' in HDPYFinalizeIO
WARNING: [Designutils 20-3303] unexpected site type 'IOPAD' in HDPYFinalizeIO
WARNING: [Designutils 20-3303] unexpected site type 'IOPAD' in HDPYFinalizeIO
WARNING: [Designutils 20-3303] unexpected site type 'IOPAD' in HDPYFinalizeIO
WARNING: [Designutils 20-3303] unexpected site type 'IOPAD' in HDPYFinalizeIO
WARNING: [Designutils 20-3303] unexpected site type 'IOPAD' in HDPYFinalizeIO
WARNING: [Designutils 20-3303] unexpected site type 'IOPAD' in HDPYFinalizeIO
WARNING: [Designutils 20-3303] unexpected site type 'IOPAD' in HDPYFinalizeIO
WARNING: [Designutils 20-3303] unexpected site type 'IOPAD' in HDPYFinalizeIO
WARNING: [Designutils 20-3303] unexpected site type 'IOPAD' in HDPYFinalizeIO
WARNING: [Designutils 20-3303] unexpected site type 'IOPAD' in HDPYFinalizeIO
WARNING: [Designutils 20-3303] unexpected site type 'IOPAD' in HDPYFinalizeIO
WARNING: [Designutils 20-3303] unexpected site type 'IOPAD' in HDPYFinalizeIO
WARNING: [Designutils 20-3303] unexpected site type 'IOPAD' in HDPYFinalizeIO
WARNING: [Designutils 20-3303] unexpected site type 'IOPAD' in HDPYFinalizeIO
WARNING: [Designutils 20-3303] unexpected site type 'IOPAD' in HDPYFinalizeIO
WARNING: [Designutils 20-3303] unexpected site type 'IOPAD' in HDPYFinalizeIO
WARNING: [Designutils 20-3303] unexpected site type 'IOPAD' in HDPYFinalizeIO
WARNING: [Designutils 20-3303] unexpected site type 'IOPAD' in HDPYFinalizeIO
WARNING: [Designutils 20-3303] unexpected site type 'IOPAD' in HDPYFinalizeIO
WARNING: [Designutils 20-3303] unexpected site type 'IOPAD' in HDPYFinalizeIO
WARNING: [Designutils 20-3303] unexpected site type 'IOPAD' in HDPYFinalizeIO
WARNING: [Designutils 20-3303] unexpected site type 'IOPAD' in HDPYFinalizeIO
WARNING: [Designutils 20-3303] unexpected site type 'IOPAD' in HDPYFinalizeIO
WARNING: [Designutils 20-3303] unexpected site type 'IOPAD' in HDPYFinalizeIO
WARNING: [Designutils 20-3303] unexpected site type 'IOPAD' in HDPYFinalizeIO
WARNING: [Designutils 20-3303] unexpected site type 'IOPAD' in HDPYFinalizeIO
WARNING: [Designutils 20-3303] unexpected site type 'IOPAD' in HDPYFinalizeIO
WARNING: [Designutils 20-3303] unexpected site type 'IOPAD' in HDPYFinalizeIO
WARNING: [Designutils 20-3303] unexpected site type 'IOPAD' in HDPYFinalizeIO
WARNING: [Designutils 20-3303] unexpected site type 'IOPAD' in HDPYFinalizeIO
WARNING: [Designutils 20-3303] unexpected site type 'IOPAD' in HDPYFinalizeIO
WARNING: [Designutils 20-3303] unexpected site type 'IOPAD' in HDPYFinalizeIO
WARNING: [Designutils 20-3303] unexpected site type 'IOPAD' in HDPYFinalizeIO
WARNING: [Designutils 20-3303] unexpected site type 'IOPAD' in HDPYFinalizeIO
WARNING: [Designutils 20-3303] unexpected site type 'IOPAD' in HDPYFinalizeIO
WARNING: [Designutils 20-3303] unexpected site type 'IOPAD' in HDPYFinalizeIO
WARNING: [Designutils 20-3303] unexpected site type 'IOPAD' in HDPYFinalizeIO
WARNING: [Designutils 20-3303] unexpected site type 'IOPAD' in HDPYFinalizeIO
WARNING: [Designutils 20-3303] unexpected site type 'IOPAD' in HDPYFinalizeIO
WARNING: [Designutils 20-3303] unexpected site type 'IOPAD' in HDPYFinalizeIO
WARNING: [Designutils 20-3303] unexpected site type 'IOPAD' in HDPYFinalizeIO
WARNING: [Designutils 20-3303] unexpected site type 'IOPAD' in HDPYFinalizeIO
WARNING: [Designutils 20-3303] unexpected site type 'IOPAD' in HDPYFinalizeIO
WARNING: [Designutils 20-3303] unexpected site type 'IOPAD' in HDPYFinalizeIO
WARNING: [Designutils 20-3303] unexpected site type 'IOPAD' in HDPYFinalizeIO
WARNING: [Designutils 20-3303] unexpected site type 'IOPAD' in HDPYFinalizeIO
WARNING: [Designutils 20-3303] unexpected site type 'IOPAD' in HDPYFinalizeIO
WARNING: [Designutils 20-3303] unexpected site type 'IOPAD' in HDPYFinalizeIO
WARNING: [Designutils 20-3303] unexpected site type 'IOPAD' in HDPYFinalizeIO
WARNING: [Designutils 20-3303] unexpected site type 'IOPAD' in HDPYFinalizeIO
WARNING: [Designutils 20-3303] unexpected site type 'IOPAD' in HDPYFinalizeIO
WARNING: [Designutils 20-3303] unexpected site type 'IOPAD' in HDPYFinalizeIO
WARNING: [Designutils 20-3303] unexpected site type 'IOPAD' in HDPYFinalizeIO
WARNING: [Designutils 20-3303] unexpected site type 'IOPAD' in HDPYFinalizeIO
WARNING: [Designutils 20-3303] unexpected site type 'IOPAD' in HDPYFinalizeIO
WARNING: [Designutils 20-3303] unexpected site type 'IOPAD' in HDPYFinalizeIO
WARNING: [Designutils 20-3303] unexpected site type 'IOPAD' in HDPYFinalizeIO
WARNING: [Designutils 20-3303] unexpected site type 'IOPAD' in HDPYFinalizeIO
WARNING: [Designutils 20-3303] unexpected site type 'IOPAD' in HDPYFinalizeIO
WARNING: [Designutils 20-3303] unexpected site type 'IOPAD' in HDPYFinalizeIO
WARNING: [Designutils 20-3303] unexpected site type 'IOPAD' in HDPYFinalizeIO
WARNING: [Designutils 20-3303] unexpected site type 'IOPAD' in HDPYFinalizeIO
WARNING: [Designutils 20-3303] unexpected site type 'IOPAD' in HDPYFinalizeIO
WARNING: [Designutils 20-3303] unexpected site type 'IOPAD' in HDPYFinalizeIO
WARNING: [Designutils 20-3303] unexpected site type 'IOPAD' in HDPYFinalizeIO
WARNING: [Designutils 20-3303] unexpected site type 'IOPAD' in HDPYFinalizeIO
WARNING: [Designutils 20-3303] unexpected site type 'IOPAD' in HDPYFinalizeIO
WARNING: [Designutils 20-3303] unexpected site type 'IOPAD' in HDPYFinalizeIO
WARNING: [Designutils 20-3303] unexpected site type 'IOPAD' in HDPYFinalizeIO
WARNING: [Designutils 20-3303] unexpected site type 'IOPAD' in HDPYFinalizeIO
WARNING: [Designutils 20-3303] unexpected site type 'IOPAD' in HDPYFinalizeIO
WARNING: [Designutils 20-3303] unexpected site type 'IOPAD' in HDPYFinalizeIO
WARNING: [Designutils 20-3303] unexpected site type 'IOPAD' in HDPYFinalizeIO
INFO: [Common 17-14] Message 'Designutils 20-3303' appears 100 times and further instances of the messages will be disabled. Use the Tcl command set_msg_config to change the current settings.
INFO: [Vivado_Tcl 4-198] DRC finished with 0 Errors
INFO: [Vivado_Tcl 4-199] Please refer to the DRC report (report_drc) for more information.
INFO: [Route 35-254] Multithreading enabled for route_design using a maximum of 2 CPUs

Starting Incremental Route Task
Checksum: PlaceDB: 76f7a1a2 ConstDB: 0 ShapeSum: 7043acd8 RouteDB: 58989f3f

Phase 1 Build RT Design
Phase 1 Build RT Design | Checksum: 9a24c0dd

Time (s): cpu = 00:00:07 ; elapsed = 00:00:06 . Memory (MB): peak = 2240.852 ; gain = 28.988 ; free physical = 108 ; free virtual = 1724
Post Restoration Checksum: NetGraph: 2551aa6b NumContArr: e34c50c Constraints: 0 Timing: 0

Phase 2 Router Initialization

Phase 2.1 Create Timer
Phase 2.1 Create Timer | Checksum: 33866f77

Time (s): cpu = 00:00:07 ; elapsed = 00:00:07 . Memory (MB): peak = 2259.848 ; gain = 47.984 ; free physical = 108 ; free virtual = 1698

Phase 2.2 Fix Topology Constraints
Phase 2.2 Fix Topology Constraints | Checksum: 33866f77

Time (s): cpu = 00:00:07 ; elapsed = 00:00:07 . Memory (MB): peak = 2265.848 ; gain = 53.984 ; free physical = 109 ; free virtual = 1691

Phase 2.3 Pre Route Cleanup
Phase 2.3 Pre Route Cleanup | Checksum: 12afd8d7

Time (s): cpu = 00:00:07 ; elapsed = 00:00:07 . Memory (MB): peak = 2265.848 ; gain = 53.984 ; free physical = 109 ; free virtual = 1691
--------------------------------------------------------
|Incremental Routing Reuse Summary                      |
--------------------------------------------------------
|Type                     | Count    | Percentage       |
--------------------------------------------------------
|Fully reused nets        |      1279|            95.81 |
|Partially reused nets    |         2|             0.15 |
|Non-reused nets          |        54|             4.04 |
--------------------------------------------------------
INFO: [Route 35-559] route_design is using directive Default with target WNS of 0.0ns
 Number of Nodes with overlaps = 0

Phase 2.4 Disable Unchanged Timing Paths
Phase 2.4 Disable Unchanged Timing Paths | Checksum: 1561701fb

Time (s): cpu = 00:00:07 ; elapsed = 00:00:07 . Memory (MB): peak = 2273.848 ; gain = 61.984 ; free physical = 114 ; free virtual = 1685

Phase 2.5 Update Timing
Phase 2.5 Update Timing | Checksum: 2045443a5

Time (s): cpu = 00:00:08 ; elapsed = 00:00:07 . Memory (MB): peak = 2273.848 ; gain = 61.984 ; free physical = 113 ; free virtual = 1685
INFO: [Route 35-416] Intermediate Timing Summary | WNS=15.743 | TNS=0.000  | WHS=-0.069 | THS=-0.398 |

Phase 2 Router Initialization | Checksum: 1d7975b7f

Time (s): cpu = 00:00:08 ; elapsed = 00:00:07 . Memory (MB): peak = 2273.848 ; gain = 61.984 ; free physical = 111 ; free virtual = 1682

Phase 3 Initial Routing
Phase 3 Initial Routing | Checksum: 1ada71d58

Time (s): cpu = 00:00:08 ; elapsed = 00:00:07 . Memory (MB): peak = 2274.852 ; gain = 62.988 ; free physical = 111 ; free virtual = 1683

Phase 4 Initial Route for Timing

Phase 4.1 Update Timing
Phase 4.1 Update Timing | Checksum: 1b5b6ac5a

Time (s): cpu = 00:00:08 ; elapsed = 00:00:07 . Memory (MB): peak = 2274.852 ; gain = 62.988 ; free physical = 111 ; free virtual = 1683
INFO: [Route 35-416] Intermediate Timing Summary | WNS=15.746 | TNS=0.000  | WHS=N/A    | THS=N/A    |

Phase 4 Initial Route for Timing | Checksum: 1b5b6ac5a

Time (s): cpu = 00:00:08 ; elapsed = 00:00:07 . Memory (MB): peak = 2274.852 ; gain = 62.988 ; free physical = 111 ; free virtual = 1683

Phase 5 Rip-up And Reroute

Phase 5.1 Global Iteration 0
 Number of Nodes with overlaps = 0
INFO: [Route 35-416] Intermediate Timing Summary | WNS=15.746 | TNS=0.000  | WHS=N/A    | THS=N/A    |

Phase 5.1 Global Iteration 0 | Checksum: 14cc40bee

Time (s): cpu = 00:00:08 ; elapsed = 00:00:07 . Memory (MB): peak = 2274.852 ; gain = 62.988 ; free physical = 111 ; free virtual = 1683
Phase 5 Rip-up And Reroute | Checksum: 14cc40bee

Time (s): cpu = 00:00:08 ; elapsed = 00:00:07 . Memory (MB): peak = 2274.852 ; gain = 62.988 ; free physical = 111 ; free virtual = 1683

Phase 6 Delay and Skew Optimization

Phase 6.1 Delay CleanUp
Phase 6.1 Delay CleanUp | Checksum: 14cc40bee

Time (s): cpu = 00:00:08 ; elapsed = 00:00:07 . Memory (MB): peak = 2274.852 ; gain = 62.988 ; free physical = 111 ; free virtual = 1683

Phase 6.2 Clock Skew Optimization
Phase 6.2 Clock Skew Optimization | Checksum: 14cc40bee

Time (s): cpu = 00:00:08 ; elapsed = 00:00:07 . Memory (MB): peak = 2274.852 ; gain = 62.988 ; free physical = 111 ; free virtual = 1683
Phase 6 Delay and Skew Optimization | Checksum: 14cc40bee

Time (s): cpu = 00:00:08 ; elapsed = 00:00:07 . Memory (MB): peak = 2274.852 ; gain = 62.988 ; free physical = 111 ; free virtual = 1683

Phase 7 Post Hold Fix

Phase 7.1 Hold Fix Iter

Phase 7.1.1 Update Timing
Phase 7.1.1 Update Timing | Checksum: 154f98694

Time (s): cpu = 00:00:08 ; elapsed = 00:00:07 . Memory (MB): peak = 2274.852 ; gain = 62.988 ; free physical = 111 ; free virtual = 1683
INFO: [Route 35-416] Intermediate Timing Summary | WNS=15.897 | TNS=0.000  | WHS=0.201  | THS=0.000  |

Phase 7.1 Hold Fix Iter | Checksum: 154f98694

Time (s): cpu = 00:00:08 ; elapsed = 00:00:07 . Memory (MB): peak = 2274.852 ; gain = 62.988 ; free physical = 111 ; free virtual = 1683
Phase 7 Post Hold Fix | Checksum: 154f98694

Time (s): cpu = 00:00:08 ; elapsed = 00:00:07 . Memory (MB): peak = 2274.852 ; gain = 62.988 ; free physical = 111 ; free virtual = 1683

Phase 8 Enable Unchanged Timing Paths
Phase 8 Enable Unchanged Timing Paths | Checksum: 1860d0fca

Time (s): cpu = 00:00:08 ; elapsed = 00:00:07 . Memory (MB): peak = 2274.852 ; gain = 62.988 ; free physical = 111 ; free virtual = 1683

Phase 9 Route finalize

Router Utilization Summary
  Global Vertical Routing Utilization    = 0.461289 %
  Global Horizontal Routing Utilization  = 0.577895 %
  Routable Net Status*
  *Does not include unroutable nets such as driverless and loadless.
  Run report_route_status for detailed report.
  Number of Failed Nets               = 0
  Number of Unrouted Nets             = 0
  Number of Partially Routed Nets     = 0
  Number of Node Overlaps             = 0

Phase 9 Route finalize | Checksum: 1860d0fca

Time (s): cpu = 00:00:08 ; elapsed = 00:00:07 . Memory (MB): peak = 2274.852 ; gain = 62.988 ; free physical = 111 ; free virtual = 1683

Phase 10 Verifying routed nets

 Verification completed successfully
Phase 10 Verifying routed nets | Checksum: 1860d0fca

Time (s): cpu = 00:00:08 ; elapsed = 00:00:07 . Memory (MB): peak = 2276.852 ; gain = 64.988 ; free physical = 111 ; free virtual = 1683

Phase 11 Depositing Routes
Phase 11 Depositing Routes | Checksum: 19d2487ed

Time (s): cpu = 00:00:08 ; elapsed = 00:00:07 . Memory (MB): peak = 2276.852 ; gain = 64.988 ; free physical = 113 ; free virtual = 1685

Phase 12 Post Router Timing
INFO: [Route 35-57] Estimated Timing Summary | WNS=15.897 | TNS=0.000  | WHS=0.201  | THS=0.000  |

INFO: [Route 35-327] The final timing numbers are based on the router estimated timing analysis. For a complete and accurate timing signoff, please run report_timing_summary.
Phase 12 Post Router Timing | Checksum: 19d2487ed

Time (s): cpu = 00:00:08 ; elapsed = 00:00:07 . Memory (MB): peak = 2276.852 ; gain = 64.988 ; free physical = 113 ; free virtual = 1685
--------------------------------------------------------
|Incremental Routing Reuse Summary                      |
--------------------------------------------------------
|Type                     | Count    | Percentage       |
--------------------------------------------------------
|Fully reused nets        |      1275|            95.51 |
|Partially reused nets    |         2|             0.15 |
|Non-reused nets          |        58|             4.34 |
--------------------------------------------------------
INFO: [Route 35-16] Router Completed Successfully
Ending Incremental Route Task | Checksum: 19d2487ed

Time (s): cpu = 00:00:08 ; elapsed = 00:00:07 . Memory (MB): peak = 2276.852 ; gain = 64.988 ; free physical = 121 ; free virtual = 1693
------------------------------------
Incremental Router Runtime Summary: 
------------------------------------
   Initialization time: 7.04 Secs
   Incremental Router time: 0.24 Secs

Reference - Incremental Comparison Summary

1. Comparison with Reference Run
--------------------------------

+-----------------+---------------------------+---------------------------+---------------------------+
|                 |          WNS(ns)          |  Runtime(elapsed)(hh:mm)  |    Runtime(cpu)(hh:mm)    |
+-----------------+-------------+-------------+-------------+-------------+-------------+-------------+
|      Stage      |  Reference  | Incremental |  Reference  | Incremental |  Reference  | Incremental |
+-----------------+-------------+-------------+-------------+-------------+-------------+-------------+
| synth_design    |             |             |     < 1 min |     < 1 min |     < 1 min |     < 1 min |
| opt_design      |             |             |     < 1 min |     < 1 min |     < 1 min |     < 1 min |
| read_checkpoint |             |             |     < 1 min |     < 1 min |     < 1 min |     < 1 min |
| place_design    |      13.143 |      13.353 |     < 1 min |     < 1 min |     < 1 min |     < 1 min |
| route_design    |      13.356 |      15.897 |     < 1 min |     < 1 min |     < 1 min |     < 1 min |
+-----------------+-------------+-------------+-------------+-------------+-------------+-------------+


INFO: [Common 17-83] Releasing license: Implementation
83 Infos, 273 Warnings, 0 Critical Warnings and 0 Errors encountered.
route_design completed successfully
route_design: Time (s): cpu = 00:00:09 ; elapsed = 00:00:09 . Memory (MB): peak = 2276.852 ; gain = 64.988 ; free physical = 121 ; free virtual = 1694
Netlist sorting complete. Time (s): cpu = 00:00:00 ; elapsed = 00:00:00 . Memory (MB): peak = 2276.852 ; gain = 0.000 ; free physical = 121 ; free virtual = 1694
INFO: [Timing 38-480] Writing timing data to binary archive.
Writing placer database...
Netlist sorting complete. Time (s): cpu = 00:00:00 ; elapsed = 00:00:00 . Memory (MB): peak = 2276.852 ; gain = 0.000 ; free physical = 114 ; free virtual = 1692
Writing XDEF routing.
Writing XDEF routing logical nets.
Writing XDEF routing special nets.
Write XDEF Complete: Time (s): cpu = 00:00:00.27 ; elapsed = 00:00:00.18 . Memory (MB): peak = 2276.852 ; gain = 0.000 ; free physical = 112 ; free virtual = 1692
INFO: [Common 17-1381] The checkpoint '/home/parallels/vivado/aes7/aes7.runs/impl_1/aes7_wrapper_routed.dcp' has been generated.
INFO: [runtcl-4] Executing : report_drc -file aes7_wrapper_drc_routed.rpt -pb aes7_wrapper_drc_routed.pb -rpx aes7_wrapper_drc_routed.rpx
Command: report_drc -file aes7_wrapper_drc_routed.rpt -pb aes7_wrapper_drc_routed.pb -rpx aes7_wrapper_drc_routed.rpx
INFO: [IP_Flow 19-1839] IP Catalog is up to date.
INFO: [DRC 23-27] Running DRC with 2 threads
INFO: [Coretcl 2-168] The results of DRC are in file /home/parallels/vivado/aes7/aes7.runs/impl_1/aes7_wrapper_drc_routed.rpt.
report_drc completed successfully
INFO: [runtcl-4] Executing : report_methodology -file aes7_wrapper_methodology_drc_routed.rpt -pb aes7_wrapper_methodology_drc_routed.pb -rpx aes7_wrapper_methodology_drc_routed.rpx
Command: report_methodology -file aes7_wrapper_methodology_drc_routed.rpt -pb aes7_wrapper_methodology_drc_routed.pb -rpx aes7_wrapper_methodology_drc_routed.rpx
INFO: [Timing 38-35] Done setting XDC timing constraints.
INFO: [DRC 23-133] Running Methodology with 2 threads
INFO: [Coretcl 2-1520] The results of Report Methodology are in file /home/parallels/vivado/aes7/aes7.runs/impl_1/aes7_wrapper_methodology_drc_routed.rpt.
report_methodology completed successfully
INFO: [runtcl-4] Executing : report_power -file aes7_wrapper_power_routed.rpt -pb aes7_wrapper_power_summary_routed.pb -rpx aes7_wrapper_power_routed.rpx
Command: report_power -file aes7_wrapper_power_routed.rpt -pb aes7_wrapper_power_summary_routed.pb -rpx aes7_wrapper_power_routed.rpx
INFO: [Timing 38-35] Done setting XDC timing constraints.
Running Vector-less Activity Propagation...

Finished Running Vector-less Activity Propagation
95 Infos, 273 Warnings, 0 Critical Warnings and 0 Errors encountered.
report_power completed successfully
INFO: [runtcl-4] Executing : report_route_status -file aes7_wrapper_route_status.rpt -pb aes7_wrapper_route_status.pb
INFO: [runtcl-4] Executing : report_timing_summary -max_paths 10 -file aes7_wrapper_timing_summary_routed.rpt -pb aes7_wrapper_timing_summary_routed.pb -rpx aes7_wrapper_timing_summary_routed.rpx -warn_on_violation 
INFO: [Timing 38-91] UpdateTimingParams: Speed grade: -1, Delay Type: min_max.
INFO: [Timing 38-191] Multithreading enabled for timing update using a maximum of 2 CPUs
INFO: [runtcl-4] Executing : report_incremental_reuse -file aes7_wrapper_incremental_reuse_routed.rpt
INFO: [Vivado_Tcl 4-115] Reporting incremental reuse summary using design-checkpoint file '/home/parallels/vivado/aes7/aes7.srcs/utils_1/imports/impl_1/aes7_wrapper_routed.dcp'

Starting Report Incremental Reuse Task

Time (s): cpu = 00:00:00.06 ; elapsed = 00:00:00.09 . Memory (MB): peak = 2316.871 ; gain = 0.000 ; free physical = 127 ; free virtual = 1674
report_incremental_reuse: Time (s): cpu = 00:00:00.06 ; elapsed = 00:00:00.09 . Memory (MB): peak = 2316.871 ; gain = 0.000 ; free physical = 127 ; free virtual = 1674
INFO: [runtcl-4] Executing : report_clock_utilization -file aes7_wrapper_clock_utilization_routed.rpt
INFO: [runtcl-4] Executing : report_bus_skew -warn_on_violation -file aes7_wrapper_bus_skew_routed.rpt -pb aes7_wrapper_bus_skew_routed.pb -rpx aes7_wrapper_bus_skew_routed.rpx
INFO: [Timing 38-91] UpdateTimingParams: Speed grade: -1, Delay Type: min_max.
INFO: [Timing 38-191] Multithreading enabled for timing update using a maximum of 2 CPUs
Command: write_bitstream -force aes7_wrapper.bit
Attempting to get a license for feature 'Implementation' and/or device 'xc7z010'
INFO: [Common 17-349] Got license for feature 'Implementation' and/or device 'xc7z010'
Running DRC as a precondition to command write_bitstream
INFO: [IP_Flow 19-1839] IP Catalog is up to date.
INFO: [DRC 23-27] Running DRC with 2 threads
WARNING: [Designutils 20-3303] unexpected site type 'IOPAD' in HDPYFinalizeIO
WARNING: [Designutils 20-3303] unexpected site type 'IOPAD' in HDPYFinalizeIO
WARNING: [Designutils 20-3303] unexpected site type 'IOPAD' in HDPYFinalizeIO
WARNING: [Designutils 20-3303] unexpected site type 'IOPAD' in HDPYFinalizeIO
WARNING: [Designutils 20-3303] unexpected site type 'IOPAD' in HDPYFinalizeIO
WARNING: [Designutils 20-3303] unexpected site type 'IOPAD' in HDPYFinalizeIO
WARNING: [Designutils 20-3303] unexpected site type 'IOPAD' in HDPYFinalizeIO
WARNING: [Designutils 20-3303] unexpected site type 'IOPAD' in HDPYFinalizeIO
WARNING: [Designutils 20-3303] unexpected site type 'IOPAD' in HDPYFinalizeIO
WARNING: [Designutils 20-3303] unexpected site type 'IOPAD' in HDPYFinalizeIO
WARNING: [Designutils 20-3303] unexpected site type 'IOPAD' in HDPYFinalizeIO
WARNING: [Designutils 20-3303] unexpected site type 'IOPAD' in HDPYFinalizeIO
WARNING: [Designutils 20-3303] unexpected site type 'IOPAD' in HDPYFinalizeIO
WARNING: [Designutils 20-3303] unexpected site type 'IOPAD' in HDPYFinalizeIO
WARNING: [Designutils 20-3303] unexpected site type 'IOPAD' in HDPYFinalizeIO
WARNING: [Designutils 20-3303] unexpected site type 'IOPAD' in HDPYFinalizeIO
WARNING: [Designutils 20-3303] unexpected site type 'IOPAD' in HDPYFinalizeIO
WARNING: [Designutils 20-3303] unexpected site type 'IOPAD' in HDPYFinalizeIO
WARNING: [Designutils 20-3303] unexpected site type 'IOPAD' in HDPYFinalizeIO
WARNING: [Designutils 20-3303] unexpected site type 'IOPAD' in HDPYFinalizeIO
WARNING: [Designutils 20-3303] unexpected site type 'IOPAD' in HDPYFinalizeIO
WARNING: [Designutils 20-3303] unexpected site type 'IOPAD' in HDPYFinalizeIO
WARNING: [Designutils 20-3303] unexpected site type 'IOPAD' in HDPYFinalizeIO
WARNING: [Designutils 20-3303] unexpected site type 'IOPAD' in HDPYFinalizeIO
WARNING: [Designutils 20-3303] unexpected site type 'IOPAD' in HDPYFinalizeIO
WARNING: [Designutils 20-3303] unexpected site type 'IOPAD' in HDPYFinalizeIO
WARNING: [Designutils 20-3303] unexpected site type 'IOPAD' in HDPYFinalizeIO
WARNING: [Designutils 20-3303] unexpected site type 'IOPAD' in HDPYFinalizeIO
WARNING: [Designutils 20-3303] unexpected site type 'IOPAD' in HDPYFinalizeIO
WARNING: [Designutils 20-3303] unexpected site type 'IOPAD' in HDPYFinalizeIO
WARNING: [Designutils 20-3303] unexpected site type 'IOPAD' in HDPYFinalizeIO
WARNING: [Designutils 20-3303] unexpected site type 'IOPAD' in HDPYFinalizeIO
WARNING: [Designutils 20-3303] unexpected site type 'IOPAD' in HDPYFinalizeIO
WARNING: [Designutils 20-3303] unexpected site type 'IOPAD' in HDPYFinalizeIO
WARNING: [Designutils 20-3303] unexpected site type 'IOPAD' in HDPYFinalizeIO
WARNING: [Designutils 20-3303] unexpected site type 'IOPAD' in HDPYFinalizeIO
WARNING: [Designutils 20-3303] unexpected site type 'IOPAD' in HDPYFinalizeIO
WARNING: [Designutils 20-3303] unexpected site type 'IOPAD' in HDPYFinalizeIO
WARNING: [Designutils 20-3303] unexpected site type 'IOPAD' in HDPYFinalizeIO
WARNING: [Designutils 20-3303] unexpected site type 'IOPAD' in HDPYFinalizeIO
WARNING: [Designutils 20-3303] unexpected site type 'IOPAD' in HDPYFinalizeIO
WARNING: [Designutils 20-3303] unexpected site type 'IOPAD' in HDPYFinalizeIO
WARNING: [Designutils 20-3303] unexpected site type 'IOPAD' in HDPYFinalizeIO
WARNING: [Designutils 20-3303] unexpected site type 'IOPAD' in HDPYFinalizeIO
WARNING: [Designutils 20-3303] unexpected site type 'IOPAD' in HDPYFinalizeIO
WARNING: [Designutils 20-3303] unexpected site type 'IOPAD' in HDPYFinalizeIO
WARNING: [Designutils 20-3303] unexpected site type 'IOPAD' in HDPYFinalizeIO
WARNING: [Designutils 20-3303] unexpected site type 'IOPAD' in HDPYFinalizeIO
WARNING: [Designutils 20-3303] unexpected site type 'IOPAD' in HDPYFinalizeIO
WARNING: [Designutils 20-3303] unexpected site type 'IOPAD' in HDPYFinalizeIO
WARNING: [Designutils 20-3303] unexpected site type 'IOPAD' in HDPYFinalizeIO
WARNING: [Designutils 20-3303] unexpected site type 'IOPAD' in HDPYFinalizeIO
WARNING: [Designutils 20-3303] unexpected site type 'IOPAD' in HDPYFinalizeIO
WARNING: [Designutils 20-3303] unexpected site type 'IOPAD' in HDPYFinalizeIO
WARNING: [Designutils 20-3303] unexpected site type 'IOPAD' in HDPYFinalizeIO
WARNING: [Designutils 20-3303] unexpected site type 'IOPAD' in HDPYFinalizeIO
WARNING: [Designutils 20-3303] unexpected site type 'IOPAD' in HDPYFinalizeIO
WARNING: [Designutils 20-3303] unexpected site type 'IOPAD' in HDPYFinalizeIO
WARNING: [Designutils 20-3303] unexpected site type 'IOPAD' in HDPYFinalizeIO
WARNING: [Designutils 20-3303] unexpected site type 'IOPAD' in HDPYFinalizeIO
WARNING: [Designutils 20-3303] unexpected site type 'IOPAD' in HDPYFinalizeIO
WARNING: [Designutils 20-3303] unexpected site type 'IOPAD' in HDPYFinalizeIO
WARNING: [Designutils 20-3303] unexpected site type 'IOPAD' in HDPYFinalizeIO
WARNING: [Designutils 20-3303] unexpected site type 'IOPAD' in HDPYFinalizeIO
WARNING: [Designutils 20-3303] unexpected site type 'IOPAD' in HDPYFinalizeIO
WARNING: [Designutils 20-3303] unexpected site type 'IOPAD' in HDPYFinalizeIO
WARNING: [Designutils 20-3303] unexpected site type 'IOPAD' in HDPYFinalizeIO
WARNING: [Designutils 20-3303] unexpected site type 'IOPAD' in HDPYFinalizeIO
WARNING: [Designutils 20-3303] unexpected site type 'IOPAD' in HDPYFinalizeIO
WARNING: [Designutils 20-3303] unexpected site type 'IOPAD' in HDPYFinalizeIO
WARNING: [Designutils 20-3303] unexpected site type 'IOPAD' in HDPYFinalizeIO
WARNING: [Designutils 20-3303] unexpected site type 'IOPAD' in HDPYFinalizeIO
WARNING: [Designutils 20-3303] unexpected site type 'IOPAD' in HDPYFinalizeIO
WARNING: [Designutils 20-3303] unexpected site type 'IOPAD' in HDPYFinalizeIO
WARNING: [Designutils 20-3303] unexpected site type 'IOPAD' in HDPYFinalizeIO
WARNING: [Designutils 20-3303] unexpected site type 'IOPAD' in HDPYFinalizeIO
WARNING: [Designutils 20-3303] unexpected site type 'IOPAD' in HDPYFinalizeIO
WARNING: [Designutils 20-3303] unexpected site type 'IOPAD' in HDPYFinalizeIO
WARNING: [Designutils 20-3303] unexpected site type 'IOPAD' in HDPYFinalizeIO
WARNING: [Designutils 20-3303] unexpected site type 'IOPAD' in HDPYFinalizeIO
WARNING: [Designutils 20-3303] unexpected site type 'IOPAD' in HDPYFinalizeIO
WARNING: [Designutils 20-3303] unexpected site type 'IOPAD' in HDPYFinalizeIO
WARNING: [Designutils 20-3303] unexpected site type 'IOPAD' in HDPYFinalizeIO
WARNING: [Designutils 20-3303] unexpected site type 'IOPAD' in HDPYFinalizeIO
WARNING: [Designutils 20-3303] unexpected site type 'IOPAD' in HDPYFinalizeIO
WARNING: [Designutils 20-3303] unexpected site type 'IOPAD' in HDPYFinalizeIO
WARNING: [Designutils 20-3303] unexpected site type 'IOPAD' in HDPYFinalizeIO
WARNING: [Designutils 20-3303] unexpected site type 'IOPAD' in HDPYFinalizeIO
WARNING: [Designutils 20-3303] unexpected site type 'IOPAD' in HDPYFinalizeIO
WARNING: [Designutils 20-3303] unexpected site type 'IOPAD' in HDPYFinalizeIO
WARNING: [Designutils 20-3303] unexpected site type 'IOPAD' in HDPYFinalizeIO
WARNING: [Designutils 20-3303] unexpected site type 'IOPAD' in HDPYFinalizeIO
WARNING: [Designutils 20-3303] unexpected site type 'IOPAD' in HDPYFinalizeIO
WARNING: [Designutils 20-3303] unexpected site type 'IOPAD' in HDPYFinalizeIO
WARNING: [Designutils 20-3303] unexpected site type 'IOPAD' in HDPYFinalizeIO
WARNING: [Designutils 20-3303] unexpected site type 'IOPAD' in HDPYFinalizeIO
WARNING: [Designutils 20-3303] unexpected site type 'IOPAD' in HDPYFinalizeIO
WARNING: [Designutils 20-3303] unexpected site type 'IOPAD' in HDPYFinalizeIO
WARNING: [Designutils 20-3303] unexpected site type 'IOPAD' in HDPYFinalizeIO
WARNING: [Designutils 20-3303] unexpected site type 'IOPAD' in HDPYFinalizeIO
INFO: [Common 17-14] Message 'Designutils 20-3303' appears 100 times and further instances of the messages will be disabled. Use the Tcl command set_msg_config to change the current settings.
INFO: [Vivado 12-3199] DRC finished with 0 Errors
INFO: [Vivado 12-3200] Please refer to the DRC report (report_drc) for more information.
INFO: [Designutils 20-2272] Running write_bitstream with 2 threads.
Loading data files...
Loading site data...
Loading route data...
Processing options...
Creating bitmap...
Creating bitstream...
Writing bitstream ./aes7_wrapper.bit...
INFO: [Vivado 12-1842] Bitgen Completed Successfully.
INFO: [Project 1-120] WebTalk data collection is mandatory when using a WebPACK part without a full Vivado license. To see the specific WebTalk data collected for your design, open the usage_statistics_webtalk.html or usage_statistics_webtalk.xml file in the implementation directory.
CRITICAL WARNING: [Common 17-570] Unable to write the webtalk settings file.  Please check that the appropriate environment variable (APPDATA or HOME) is properly set.
CRITICAL WARNING: [Common 17-570] Unable to write the webtalk settings file.  Please check that the appropriate environment variable (APPDATA or HOME) is properly set.
INFO: [Common 17-186] '/home/parallels/vivado/aes7/aes7.runs/impl_1/usage_statistics_webtalk.xml' has been successfully sent to Xilinx on Sat Dec 22 17:31:34 2018. For additional details about this file, please refer to the WebTalk help file at /tools/Xilinx/Vivado/2018.3/doc/webtalk_introduction.html.
INFO: [Common 17-83] Releasing license: Implementation
116 Infos, 373 Warnings, 2 Critical Warnings and 0 Errors encountered.
write_bitstream completed successfully
write_bitstream: Time (s): cpu = 00:00:08 ; elapsed = 00:00:15 . Memory (MB): peak = 2632.336 ; gain = 315.465 ; free physical = 376 ; free virtual = 1664
INFO: [Common 17-206] Exiting Vivado at Sat Dec 22 17:31:35 2018...
