#-----------------------------------------------------------
# Webtalk v2018.3 (64-bit)
# SW Build 2405991 on Thu Dec  6 23:36:41 MST 2018
# 
# Start of session at: Tue Dec 18 20:41:18 2018
# Process ID: 25538
# Current directory: /media/psf/Home/vivado/aes7/aes7.sdk/webtalk
# Command line: wbtcv -mode batch -source sdk_webtalk.tcl
# Log file: /media/psf/Home/vivado/aes7/aes7.sdk/webtalk/webtalk.log
# Journal file: /media/psf/Home/vivado/aes7/aes7.sdk/webtalk/webtalk.jou
#-----------------------------------------------------------
source sdk_webtalk.tcl
# webtalk_init -webtalk_dir /media/psf/Home/vivado/aes7/aes7.sdk/webtalk
# webtalk_register_client -client project
# webtalk_add_data -client project -key date_generated -value "2018-12-18 11:41:17" -context "software_version_and_target_device"
# webtalk_add_data -client project -key product_version -value "SDK v2018.3" -context "software_version_and_target_device"
# webtalk_add_data -client project -key build_version -value "2018.3" -context "software_version_and_target_device"
# webtalk_add_data -client project -key os_platform -value "amd64" -context "software_version_and_target_device"
# webtalk_add_data -client project -key registration_id -value "" -context "software_version_and_target_device"
# webtalk_add_data -client project -key tool_flow -value "SDK" -context "software_version_and_target_device"
# webtalk_add_data -client project -key beta -value "false" -context "software_version_and_target_device"
# webtalk_add_data -client project -key route_design -value "NA" -context "software_version_and_target_device"
# webtalk_add_data -client project -key target_family -value "NA" -context "software_version_and_target_device"
# webtalk_add_data -client project -key target_device -value "NA" -context "software_version_and_target_device"
# webtalk_add_data -client project -key target_package -value "NA" -context "software_version_and_target_device"
# webtalk_add_data -client project -key target_speed -value "NA" -context "software_version_and_target_device"
# webtalk_add_data -client project -key random_id -value "ufqp5qc1lple45kb26h84i40fn" -context "software_version_and_target_device"
# webtalk_add_data -client project -key project_id -value "2018.3_5" -context "software_version_and_target_device"
# webtalk_add_data -client project -key project_iteration -value "5" -context "software_version_and_target_device"
# webtalk_add_data -client project -key os_name -value "Ubuntu" -context "user_environment"
# webtalk_add_data -client project -key os_release -value "Ubuntu 18.04.1 LTS" -context "user_environment"
# webtalk_add_data -client project -key cpu_name -value "Intel(R) Core(TM) i7-8559U CPU @ 2.70GHz" -context "user_environment"
# webtalk_add_data -client project -key cpu_speed -value "2712.000 MHz" -context "user_environment"
# webtalk_add_data -client project -key total_processors -value "1" -context "user_environment"
# webtalk_add_data -client project -key system_ram -value "4.131 GB" -context "user_environment"
# webtalk_register_client -client sdk
# webtalk_add_data -client sdk -key uid -value "1545160581000" -context "sdk\\\\hardware/1545160581000"
# webtalk_add_data -client sdk -key isZynq -value "true" -context "sdk\\\\hardware/1545160581000"
# webtalk_add_data -client sdk -key isZynqMP -value "false" -context "sdk\\\\hardware/1545160581000"
# webtalk_add_data -client sdk -key Processors -value "2" -context "sdk\\\\hardware/1545160581000"
# webtalk_add_data -client sdk -key VivadoVersion -value "2018.3" -context "sdk\\\\hardware/1545160581000"
# webtalk_add_data -client sdk -key Arch -value "zynq" -context "sdk\\\\hardware/1545160581000"
# webtalk_add_data -client sdk -key Device -value "7z010" -context "sdk\\\\hardware/1545160581000"
# webtalk_add_data -client sdk -key IsHandoff -value "true" -context "sdk\\\\hardware/1545160581000"
# webtalk_add_data -client sdk -key os -value "NA" -context "sdk\\\\hardware/1545160581000"
# webtalk_add_data -client sdk -key apptemplate -value "NA" -context "sdk\\\\hardware/1545160581000"
# webtalk_add_data -client sdk -key RecordType -value "HWCreation" -context "sdk\\\\hardware/1545160581000"
# webtalk_add_data -client sdk -key uid -value "1545160635000" -context "sdk\\\\bsp/1545160635000"
# webtalk_add_data -client sdk -key hwid -value "1545160581000" -context "sdk\\\\bsp/1545160635000"
# webtalk_add_data -client sdk -key os -value "standalone" -context "sdk\\\\bsp/1545160635000"
# webtalk_add_data -client sdk -key apptemplate -value "memory_tests" -context "sdk\\\\bsp/1545160635000"
# webtalk_add_data -client sdk -key RecordType -value "BSPCreation" -context "sdk\\\\bsp/1545160635000"
# webtalk_add_data -client sdk -key uid -value "1545160637000" -context "sdk\\\\application/1545160637000"
# webtalk_add_data -client sdk -key hwid -value "1545160581000" -context "sdk\\\\application/1545160637000"
# webtalk_add_data -client sdk -key bspid -value "1545160635000" -context "sdk\\\\application/1545160637000"
# webtalk_add_data -client sdk -key newbsp -value "true" -context "sdk\\\\application/1545160637000"
# webtalk_add_data -client sdk -key os -value "standalone" -context "sdk\\\\application/1545160637000"
# webtalk_add_data -client sdk -key apptemplate -value "memory_tests" -context "sdk\\\\application/1545160637000"
# webtalk_add_data -client sdk -key RecordType -value "APPCreation" -context "sdk\\\\application/1545160637000"
# webtalk_add_data -client sdk -key LangUsed -value "C" -context "sdk\\\\application/1545160637000"
# webtalk_add_data -client sdk -key Procused -value "ps7_cortexa9" -context "sdk\\\\application/1545160637000"
# webtalk_add_data -client sdk -key uid -value "1545160715000" -context "sdk\\\\bsp/1545160715000"
# webtalk_add_data -client sdk -key hwid -value "1545160581000" -context "sdk\\\\bsp/1545160715000"
# webtalk_add_data -client sdk -key os -value "standalone" -context "sdk\\\\bsp/1545160715000"
# webtalk_add_data -client sdk -key apptemplate -value "null" -context "sdk\\\\bsp/1545160715000"
# webtalk_add_data -client sdk -key RecordType -value "BSPCreation" -context "sdk\\\\bsp/1545160715000"
# webtalk_add_data -client sdk -key uid -value "1545160757000" -context "sdk\\\\application/1545160757000"
# webtalk_add_data -client sdk -key hwid -value "1545160581000" -context "sdk\\\\application/1545160757000"
# webtalk_add_data -client sdk -key bspid -value "1545160715000" -context "sdk\\\\application/1545160757000"
# webtalk_add_data -client sdk -key newbsp -value "false" -context "sdk\\\\application/1545160757000"
# webtalk_add_data -client sdk -key os -value "standalone" -context "sdk\\\\application/1545160757000"
# webtalk_add_data -client sdk -key apptemplate -value "empty_application" -context "sdk\\\\application/1545160757000"
# webtalk_add_data -client sdk -key RecordType -value "APPCreation" -context "sdk\\\\application/1545160757000"
# webtalk_add_data -client sdk -key LangUsed -value "CPP" -context "sdk\\\\application/1545160757000"
# webtalk_add_data -client sdk -key Procused -value "ps7_cortexa9" -context "sdk\\\\application/1545160757000"
# webtalk_add_data -client sdk -key uid -value "1545161287000" -context "sdk\\\\bsp/1545161287000"
# webtalk_add_data -client sdk -key hwid -value "1545160581000" -context "sdk\\\\bsp/1545161287000"
# webtalk_add_data -client sdk -key os -value "standalone" -context "sdk\\\\bsp/1545161287000"
# webtalk_add_data -client sdk -key apptemplate -value "hello_world" -context "sdk\\\\bsp/1545161287000"
# webtalk_add_data -client sdk -key RecordType -value "BSPCreation" -context "sdk\\\\bsp/1545161287000"
# webtalk_add_data -client sdk -key uid -value "1545161289000" -context "sdk\\\\application/1545161289000"
# webtalk_add_data -client sdk -key hwid -value "1545160581000" -context "sdk\\\\application/1545161289000"
# webtalk_add_data -client sdk -key bspid -value "1545161287000" -context "sdk\\\\application/1545161289000"
# webtalk_add_data -client sdk -key newbsp -value "true" -context "sdk\\\\application/1545161289000"
# webtalk_add_data -client sdk -key os -value "standalone" -context "sdk\\\\application/1545161289000"
# webtalk_add_data -client sdk -key apptemplate -value "hello_world" -context "sdk\\\\application/1545161289000"
# webtalk_add_data -client sdk -key RecordType -value "APPCreation" -context "sdk\\\\application/1545161289000"
# webtalk_add_data -client sdk -key LangUsed -value "C" -context "sdk\\\\application/1545161289000"
# webtalk_add_data -client sdk -key Procused -value "ps7_cortexa9" -context "sdk\\\\application/1545161289000"
# webtalk_add_data -client sdk -key uid -value "1545161327000" -context "sdk\\\\bsp/1545161327000"
# webtalk_add_data -client sdk -key hwid -value "1545160581000" -context "sdk\\\\bsp/1545161327000"
# webtalk_add_data -client sdk -key os -value "standalone" -context "sdk\\\\bsp/1545161327000"
# webtalk_add_data -client sdk -key apptemplate -value "hello_world" -context "sdk\\\\bsp/1545161327000"
# webtalk_add_data -client sdk -key RecordType -value "BSPCreation" -context "sdk\\\\bsp/1545161327000"
# webtalk_add_data -client sdk -key uid -value "1545161328000" -context "sdk\\\\application/1545161328000"
# webtalk_add_data -client sdk -key hwid -value "1545160581000" -context "sdk\\\\application/1545161328000"
# webtalk_add_data -client sdk -key bspid -value "1545161327000" -context "sdk\\\\application/1545161328000"
# webtalk_add_data -client sdk -key newbsp -value "true" -context "sdk\\\\application/1545161328000"
# webtalk_add_data -client sdk -key os -value "standalone" -context "sdk\\\\application/1545161328000"
# webtalk_add_data -client sdk -key apptemplate -value "hello_world" -context "sdk\\\\application/1545161328000"
# webtalk_add_data -client sdk -key RecordType -value "APPCreation" -context "sdk\\\\application/1545161328000"
# webtalk_add_data -client sdk -key LangUsed -value "C" -context "sdk\\\\application/1545161328000"
# webtalk_add_data -client sdk -key Procused -value "ps7_cortexa9" -context "sdk\\\\application/1545161328000"
# webtalk_add_data -client sdk -key uid -value "1545161364000" -context "sdk\\\\application/1545161364000"
# webtalk_add_data -client sdk -key hwid -value "1545160581000" -context "sdk\\\\application/1545161364000"
# webtalk_add_data -client sdk -key bspid -value "1545160715000" -context "sdk\\\\application/1545161364000"
# webtalk_add_data -client sdk -key newbsp -value "false" -context "sdk\\\\application/1545161364000"
# webtalk_add_data -client sdk -key os -value "standalone" -context "sdk\\\\application/1545161364000"
# webtalk_add_data -client sdk -key apptemplate -value "hello_world" -context "sdk\\\\application/1545161364000"
# webtalk_add_data -client sdk -key RecordType -value "APPCreation" -context "sdk\\\\application/1545161364000"
# webtalk_add_data -client sdk -key LangUsed -value "C" -context "sdk\\\\application/1545161364000"
# webtalk_add_data -client sdk -key Procused -value "ps7_cortexa9" -context "sdk\\\\application/1545161364000"
# webtalk_add_data -client sdk -key uid -value "1545161653000" -context "sdk\\\\bsp/1545161653000"
# webtalk_add_data -client sdk -key hwid -value "1545160581000" -context "sdk\\\\bsp/1545161653000"
# webtalk_add_data -client sdk -key os -value "standalone" -context "sdk\\\\bsp/1545161653000"
# webtalk_add_data -client sdk -key apptemplate -value "null" -context "sdk\\\\bsp/1545161653000"
# webtalk_add_data -client sdk -key RecordType -value "BSPCreation" -context "sdk\\\\bsp/1545161653000"
# webtalk_add_data -client sdk -key uid -value "NA" -context "sdk\\\\bsp/1545162077342"
# webtalk_add_data -client sdk -key RecordType -value "ToolUsage" -context "sdk\\\\bsp/1545162077342"
# webtalk_add_data -client sdk -key BootgenCount -value "0" -context "sdk\\\\bsp/1545162077342"
# webtalk_add_data -client sdk -key DebugCount -value "7" -context "sdk\\\\bsp/1545162077342"
# webtalk_add_data -client sdk -key PerfCount -value "0" -context "sdk\\\\bsp/1545162077342"
# webtalk_add_data -client sdk -key FlashCount -value "0" -context "sdk\\\\bsp/1545162077342"
# webtalk_add_data -client sdk -key CrossTriggCount -value "0" -context "sdk\\\\bsp/1545162077342"
# webtalk_add_data -client sdk -key QemuDebugCount -value "0" -context "sdk\\\\bsp/1545162077342"
# webtalk_transmit -clientid 253513375 -regid "" -xml /media/psf/Home/vivado/aes7/aes7.sdk/webtalk/usage_statistics_ext_sdk.xml -html /media/psf/Home/vivado/aes7/aes7.sdk/webtalk/usage_statistics_ext_sdk.html -wdm /media/psf/Home/vivado/aes7/aes7.sdk/webtalk/sdk_webtalk.wdm -intro "<H3>SDK Usage Report</H3><BR>"
# webtalk_terminate
INFO: [Common 17-206] Exiting Webtalk at Tue Dec 18 20:41:19 2018...
