11:16:11 INFO  : Registering command handlers for SDK TCF services
11:16:13 INFO  : Launching XSCT server: xsct -n -interactive /media/psf/Home/vivado/aes7/aes7.sdk/temp_xsdb_launch_script.tcl
11:16:16 INFO  : XSCT server has started successfully.
11:16:16 INFO  : Successfully done setting XSCT server connection channel  
11:16:17 INFO  : Successfully done setting SDK workspace  
11:16:17 INFO  : Processing command line option -hwspec /media/psf/Home/vivado/aes7/aes7.sdk/aes7_wrapper.hdf.
11:22:16 INFO  : 'targets -set -filter {jtag_cable_name =~ "Digilent Zybo Z7 210351A77ECFA" && level==0} -index 1' command is executed.
11:22:16 INFO  : 'fpga -state' command is executed.
11:22:16 INFO  : Connected to target on host '127.0.0.1' and port '3121'.
11:22:16 INFO  : Jtag cable 'Digilent Zybo Z7 210351A77ECFA' is selected.
11:22:16 INFO  : 'jtag frequency' command is executed.
11:22:16 INFO  : Sourcing of '/media/psf/Home/vivado/aes7/aes7.sdk/aes7_wrapper_hw_platform_0/ps7_init.tcl' is done.
11:22:16 INFO  : Context for 'APU' is selected.
11:22:16 INFO  : Hardware design information is loaded from '/media/psf/Home/vivado/aes7/aes7.sdk/aes7_wrapper_hw_platform_0/system.hdf'.
11:22:16 INFO  : 'configparams force-mem-access 1' command is executed.
11:22:16 INFO  : Context for 'APU' is selected.
11:22:16 INFO  : 'stop' command is executed.
11:22:18 ERROR : Memory read error at 0xF8006054. Cannot flush JTAG server queue. ftdi_transfer_data_done failed: usb bulk read failed
11:22:18 INFO  : ----------------XSDB Script----------------
connect -url tcp:127.0.0.1:3121
source /media/psf/Home/vivado/aes7/aes7.sdk/aes7_wrapper_hw_platform_0/ps7_init.tcl
targets -set -nocase -filter {name =~"APU*" && jtag_cable_name =~ "Digilent Zybo Z7 210351A77ECFA"} -index 0
loadhw -hw /media/psf/Home/vivado/aes7/aes7.sdk/aes7_wrapper_hw_platform_0/system.hdf -mem-ranges [list {0x40000000 0xbfffffff}]
configparams force-mem-access 1
targets -set -nocase -filter {name =~"APU*" && jtag_cable_name =~ "Digilent Zybo Z7 210351A77ECFA"} -index 0
stop
ps7_init
----------------End of Script----------------

11:22:39 INFO  : 'targets -set -filter {jtag_cable_name =~ "Digilent Zybo Z7 210351A77ECFA" && level==0} -index 1' command is executed.
11:22:39 INFO  : 'fpga -state' command is executed.
11:22:39 INFO  : Connected to target on host '127.0.0.1' and port '3121'.
11:22:40 INFO  : Jtag cable 'Digilent Zybo Z7 210351A77ECFA' is selected.
11:22:40 INFO  : 'jtag frequency' command is executed.
11:22:40 INFO  : Sourcing of '/media/psf/Home/vivado/aes7/aes7.sdk/aes7_wrapper_hw_platform_0/ps7_init.tcl' is done.
11:22:40 INFO  : Context for 'APU' is selected.
11:22:40 INFO  : Hardware design information is loaded from '/media/psf/Home/vivado/aes7/aes7.sdk/aes7_wrapper_hw_platform_0/system.hdf'.
11:22:40 INFO  : 'configparams force-mem-access 1' command is executed.
11:22:40 INFO  : Context for 'APU' is selected.
11:22:40 INFO  : 'stop' command is executed.
11:22:41 ERROR : Memory read error at 0xF8006054. Cannot flush JTAG server queue. ftdi_transfer_data_done failed: usb bulk read failed
11:22:41 INFO  : ----------------XSDB Script----------------
connect -url tcp:127.0.0.1:3121
source /media/psf/Home/vivado/aes7/aes7.sdk/aes7_wrapper_hw_platform_0/ps7_init.tcl
targets -set -nocase -filter {name =~"APU*" && jtag_cable_name =~ "Digilent Zybo Z7 210351A77ECFA"} -index 0
loadhw -hw /media/psf/Home/vivado/aes7/aes7.sdk/aes7_wrapper_hw_platform_0/system.hdf -mem-ranges [list {0x40000000 0xbfffffff}]
configparams force-mem-access 1
targets -set -nocase -filter {name =~"APU*" && jtag_cable_name =~ "Digilent Zybo Z7 210351A77ECFA"} -index 0
stop
ps7_init
----------------End of Script----------------

11:23:12 INFO  : 'targets -set -filter {jtag_cable_name =~ "Digilent Zybo Z7 210351A77ECFA" && level==0} -index 1' command is executed.
11:23:12 INFO  : 'fpga -state' command is executed.
11:23:14 INFO  : Connected to target on host '127.0.0.1' and port '3121'.
11:23:14 INFO  : Jtag cable 'Digilent Zybo Z7 210351A77ECFA' is selected.
11:23:14 INFO  : 'jtag frequency' command is executed.
11:23:14 INFO  : Sourcing of '/media/psf/Home/vivado/aes7/aes7.sdk/aes7_wrapper_hw_platform_0/ps7_init.tcl' is done.
11:23:14 INFO  : Context for 'APU' is selected.
11:23:14 INFO  : Hardware design information is loaded from '/media/psf/Home/vivado/aes7/aes7.sdk/aes7_wrapper_hw_platform_0/system.hdf'.
11:23:14 INFO  : 'configparams force-mem-access 1' command is executed.
11:23:14 INFO  : Context for 'APU' is selected.
11:23:14 INFO  : 'stop' command is executed.
11:23:15 ERROR : Memory read error at 0xF8006054. Cannot flush JTAG server queue. ftdi_transfer_data_done failed: all fine
11:23:15 INFO  : ----------------XSDB Script----------------
connect -url tcp:127.0.0.1:3121
source /media/psf/Home/vivado/aes7/aes7.sdk/aes7_wrapper_hw_platform_0/ps7_init.tcl
targets -set -nocase -filter {name =~"APU*" && jtag_cable_name =~ "Digilent Zybo Z7 210351A77ECFA"} -index 0
loadhw -hw /media/psf/Home/vivado/aes7/aes7.sdk/aes7_wrapper_hw_platform_0/system.hdf -mem-ranges [list {0x40000000 0xbfffffff}]
configparams force-mem-access 1
targets -set -nocase -filter {name =~"APU*" && jtag_cable_name =~ "Digilent Zybo Z7 210351A77ECFA"} -index 0
stop
ps7_init
----------------End of Script----------------

11:23:42 INFO  : 'targets -set -filter {jtag_cable_name =~ "Digilent Zybo Z7 210351A77ECFA" && level==0} -index 1' command is executed.
11:23:42 INFO  : 'fpga -state' command is executed.
11:23:44 INFO  : Connected to target on host '127.0.0.1' and port '3121'.
11:23:45 INFO  : Jtag cable 'Digilent Zybo Z7 210351A77ECFA' is selected.
11:23:45 INFO  : 'jtag frequency' command is executed.
11:23:45 INFO  : Sourcing of '/media/psf/Home/vivado/aes7/aes7.sdk/aes7_wrapper_hw_platform_0/ps7_init.tcl' is done.
11:23:45 INFO  : Context for 'APU' is selected.
11:23:45 INFO  : Hardware design information is loaded from '/media/psf/Home/vivado/aes7/aes7.sdk/aes7_wrapper_hw_platform_0/system.hdf'.
11:23:45 INFO  : 'configparams force-mem-access 1' command is executed.
11:23:45 INFO  : Context for 'APU' is selected.
11:23:45 INFO  : 'stop' command is executed.
11:23:46 ERROR : Memory read error at 0xF8006054. Cannot flush JTAG server queue. ftdi_transfer_data_done failed: usb bulk read failed
11:23:46 INFO  : ----------------XSDB Script----------------
connect -url tcp:127.0.0.1:3121
source /media/psf/Home/vivado/aes7/aes7.sdk/aes7_wrapper_hw_platform_0/ps7_init.tcl
targets -set -nocase -filter {name =~"APU*" && jtag_cable_name =~ "Digilent Zybo Z7 210351A77ECFA"} -index 0
loadhw -hw /media/psf/Home/vivado/aes7/aes7.sdk/aes7_wrapper_hw_platform_0/system.hdf -mem-ranges [list {0x40000000 0xbfffffff}]
configparams force-mem-access 1
targets -set -nocase -filter {name =~"APU*" && jtag_cable_name =~ "Digilent Zybo Z7 210351A77ECFA"} -index 0
stop
ps7_init
----------------End of Script----------------

11:24:48 INFO  : 'targets -set -filter {jtag_cable_name =~ "Digilent Zybo Z7 210351A77ECFA" && level==0} -index 1' command is executed.
11:24:48 INFO  : 'fpga -state' command is executed.
11:24:48 INFO  : Connected to target on host '127.0.0.1' and port '3121'.
11:24:48 INFO  : Jtag cable 'Digilent Zybo Z7 210351A77ECFA' is selected.
11:24:48 INFO  : 'jtag frequency' command is executed.
11:24:48 INFO  : Sourcing of '/media/psf/Home/vivado/aes7/aes7.sdk/aes7_wrapper_hw_platform_0/ps7_init.tcl' is done.
11:24:48 INFO  : Context for 'APU' is selected.
11:24:48 INFO  : Hardware design information is loaded from '/media/psf/Home/vivado/aes7/aes7.sdk/aes7_wrapper_hw_platform_0/system.hdf'.
11:24:48 INFO  : 'configparams force-mem-access 1' command is executed.
11:24:48 INFO  : Context for 'APU' is selected.
11:24:48 INFO  : 'stop' command is executed.
11:24:49 INFO  : 'ps7_init' command is executed.
11:24:49 INFO  : 'ps7_post_config' command is executed.
11:24:49 INFO  : Context for processor 'ps7_cortexa9_0' is selected.
11:24:49 INFO  : Processor reset is completed for 'ps7_cortexa9_0'.
11:24:49 INFO  : Context for processor 'ps7_cortexa9_0' is selected.
11:24:49 INFO  : The application '/media/psf/Home/vivado/aes7/aes7.sdk/fillmemory/Debug/fillmemory.elf' is downloaded to processor 'ps7_cortexa9_0'.
11:24:49 INFO  : 'configparams force-mem-access 0' command is executed.
11:24:49 INFO  : ----------------XSDB Script----------------
connect -url tcp:127.0.0.1:3121
source /media/psf/Home/vivado/aes7/aes7.sdk/aes7_wrapper_hw_platform_0/ps7_init.tcl
targets -set -nocase -filter {name =~"APU*" && jtag_cable_name =~ "Digilent Zybo Z7 210351A77ECFA"} -index 0
loadhw -hw /media/psf/Home/vivado/aes7/aes7.sdk/aes7_wrapper_hw_platform_0/system.hdf -mem-ranges [list {0x40000000 0xbfffffff}]
configparams force-mem-access 1
targets -set -nocase -filter {name =~"APU*" && jtag_cable_name =~ "Digilent Zybo Z7 210351A77ECFA"} -index 0
stop
ps7_init
ps7_post_config
targets -set -nocase -filter {name =~ "ARM*#0" && jtag_cable_name =~ "Digilent Zybo Z7 210351A77ECFA"} -index 0
rst -processor
targets -set -nocase -filter {name =~ "ARM*#0" && jtag_cable_name =~ "Digilent Zybo Z7 210351A77ECFA"} -index 0
dow /media/psf/Home/vivado/aes7/aes7.sdk/fillmemory/Debug/fillmemory.elf
configparams force-mem-access 0
----------------End of Script----------------

11:24:49 INFO  : Context for processor 'ps7_cortexa9_0' is selected.
11:24:49 INFO  : 'con' command is executed.
11:24:49 INFO  : ----------------XSDB Script (After Launch)----------------
targets -set -nocase -filter {name =~ "ARM*#0" && jtag_cable_name =~ "Digilent Zybo Z7 210351A77ECFA"} -index 0
con
----------------End of Script----------------

11:24:49 INFO  : Disconnected from the channel tcfchan#1.
11:25:27 INFO  : 'targets -set -filter {jtag_cable_name =~ "Digilent Zybo Z7 210351A77ECFA" && level==0} -index 1' command is executed.
11:25:27 INFO  : 'fpga -state' command is executed.
11:25:27 INFO  : Connected to target on host '127.0.0.1' and port '3121'.
11:25:27 INFO  : Jtag cable 'Digilent Zybo Z7 210351A77ECFA' is selected.
11:25:27 INFO  : 'jtag frequency' command is executed.
11:25:27 INFO  : Sourcing of '/media/psf/Home/vivado/aes7/aes7.sdk/aes7_wrapper_hw_platform_0/ps7_init.tcl' is done.
11:25:27 INFO  : Context for 'APU' is selected.
11:25:29 INFO  : Hardware design information is loaded from '/media/psf/Home/vivado/aes7/aes7.sdk/aes7_wrapper_hw_platform_0/system.hdf'.
11:25:29 INFO  : 'configparams force-mem-access 1' command is executed.
11:25:29 INFO  : Context for 'APU' is selected.
11:25:29 INFO  : 'stop' command is executed.
11:25:30 INFO  : 'ps7_init' command is executed.
11:25:30 INFO  : 'ps7_post_config' command is executed.
11:25:30 INFO  : Context for processor 'ps7_cortexa9_0' is selected.
11:25:30 INFO  : Processor reset is completed for 'ps7_cortexa9_0'.
11:25:30 INFO  : Context for processor 'ps7_cortexa9_0' is selected.
11:25:30 INFO  : The application '/media/psf/Home/vivado/aes7/aes7.sdk/fillmemory/Debug/fillmemory.elf' is downloaded to processor 'ps7_cortexa9_0'.
11:25:30 INFO  : 'configparams force-mem-access 0' command is executed.
11:25:30 INFO  : ----------------XSDB Script----------------
connect -url tcp:127.0.0.1:3121
source /media/psf/Home/vivado/aes7/aes7.sdk/aes7_wrapper_hw_platform_0/ps7_init.tcl
targets -set -nocase -filter {name =~"APU*" && jtag_cable_name =~ "Digilent Zybo Z7 210351A77ECFA"} -index 0
loadhw -hw /media/psf/Home/vivado/aes7/aes7.sdk/aes7_wrapper_hw_platform_0/system.hdf -mem-ranges [list {0x40000000 0xbfffffff}]
configparams force-mem-access 1
targets -set -nocase -filter {name =~"APU*" && jtag_cable_name =~ "Digilent Zybo Z7 210351A77ECFA"} -index 0
stop
ps7_init
ps7_post_config
targets -set -nocase -filter {name =~ "ARM*#0" && jtag_cable_name =~ "Digilent Zybo Z7 210351A77ECFA"} -index 0
rst -processor
targets -set -nocase -filter {name =~ "ARM*#0" && jtag_cable_name =~ "Digilent Zybo Z7 210351A77ECFA"} -index 0
dow /media/psf/Home/vivado/aes7/aes7.sdk/fillmemory/Debug/fillmemory.elf
configparams force-mem-access 0
----------------End of Script----------------

11:25:30 INFO  : Context for processor 'ps7_cortexa9_0' is selected.
11:25:30 INFO  : 'con' command is executed.
11:25:30 INFO  : ----------------XSDB Script (After Launch)----------------
targets -set -nocase -filter {name =~ "ARM*#0" && jtag_cable_name =~ "Digilent Zybo Z7 210351A77ECFA"} -index 0
con
----------------End of Script----------------

11:25:30 INFO  : Disconnected from the channel tcfchan#2.
11:26:13 INFO  : 'targets -set -filter {jtag_cable_name =~ "Digilent Zybo Z7 210351A77ECFA" && level==0} -index 1' command is executed.
11:26:13 INFO  : 'fpga -state' command is executed.
11:26:13 INFO  : Connected to target on host '127.0.0.1' and port '3121'.
11:26:13 INFO  : Jtag cable 'Digilent Zybo Z7 210351A77ECFA' is selected.
11:26:13 INFO  : 'jtag frequency' command is executed.
11:26:14 INFO  : Sourcing of '/media/psf/Home/vivado/aes7/aes7.sdk/aes7_wrapper_hw_platform_0/ps7_init.tcl' is done.
11:26:14 INFO  : Context for 'APU' is selected.
11:26:16 INFO  : Hardware design information is loaded from '/media/psf/Home/vivado/aes7/aes7.sdk/aes7_wrapper_hw_platform_0/system.hdf'.
11:26:16 INFO  : 'configparams force-mem-access 1' command is executed.
11:26:16 INFO  : Context for 'APU' is selected.
11:26:16 INFO  : 'stop' command is executed.
11:26:17 INFO  : 'ps7_init' command is executed.
11:26:17 INFO  : 'ps7_post_config' command is executed.
11:26:17 INFO  : Context for processor 'ps7_cortexa9_0' is selected.
11:26:17 INFO  : Processor reset is completed for 'ps7_cortexa9_0'.
11:26:17 INFO  : Context for processor 'ps7_cortexa9_0' is selected.
11:26:17 INFO  : The application '/media/psf/Home/vivado/aes7/aes7.sdk/fillmemory/Debug/fillmemory.elf' is downloaded to processor 'ps7_cortexa9_0'.
11:26:17 INFO  : 'configparams force-mem-access 0' command is executed.
11:26:17 INFO  : ----------------XSDB Script----------------
connect -url tcp:127.0.0.1:3121
source /media/psf/Home/vivado/aes7/aes7.sdk/aes7_wrapper_hw_platform_0/ps7_init.tcl
targets -set -nocase -filter {name =~"APU*" && jtag_cable_name =~ "Digilent Zybo Z7 210351A77ECFA"} -index 0
loadhw -hw /media/psf/Home/vivado/aes7/aes7.sdk/aes7_wrapper_hw_platform_0/system.hdf -mem-ranges [list {0x40000000 0xbfffffff}]
configparams force-mem-access 1
targets -set -nocase -filter {name =~"APU*" && jtag_cable_name =~ "Digilent Zybo Z7 210351A77ECFA"} -index 0
stop
ps7_init
ps7_post_config
targets -set -nocase -filter {name =~ "ARM*#0" && jtag_cable_name =~ "Digilent Zybo Z7 210351A77ECFA"} -index 0
rst -processor
targets -set -nocase -filter {name =~ "ARM*#0" && jtag_cable_name =~ "Digilent Zybo Z7 210351A77ECFA"} -index 0
dow /media/psf/Home/vivado/aes7/aes7.sdk/fillmemory/Debug/fillmemory.elf
configparams force-mem-access 0
----------------End of Script----------------

11:26:17 INFO  : Memory regions updated for context APU
11:26:17 INFO  : Context for processor 'ps7_cortexa9_0' is selected.
11:26:17 INFO  : 'con' command is executed.
11:26:17 INFO  : ----------------XSDB Script (After Launch)----------------
targets -set -nocase -filter {name =~ "ARM*#0" && jtag_cable_name =~ "Digilent Zybo Z7 210351A77ECFA"} -index 0
con
----------------End of Script----------------

11:26:17 INFO  : Launch script is exported to file '/media/psf/Home/vivado/aes7/aes7.sdk/.sdk/launch_scripts/xilinx_c-c++_application_(system_debugger)/system_debugger_using_debug_fillmemory.elf_on_local.tcl'
11:30:55 INFO  : Disconnected from the channel tcfchan#3.
11:31:03 INFO  : 'targets -set -filter {jtag_cable_name =~ "Digilent Zybo Z7 210351A77ECFA" && level==0} -index 1' command is executed.
11:31:03 INFO  : 'fpga -state' command is executed.
11:31:03 INFO  : Connected to target on host '127.0.0.1' and port '3121'.
11:31:03 INFO  : Jtag cable 'Digilent Zybo Z7 210351A77ECFA' is selected.
11:31:03 INFO  : 'jtag frequency' command is executed.
11:31:03 INFO  : Sourcing of '/media/psf/Home/vivado/aes7/aes7.sdk/aes7_wrapper_hw_platform_0/ps7_init.tcl' is done.
11:31:04 INFO  : Context for 'APU' is selected.
11:31:05 INFO  : Hardware design information is loaded from '/media/psf/Home/vivado/aes7/aes7.sdk/aes7_wrapper_hw_platform_0/system.hdf'.
11:31:05 INFO  : 'configparams force-mem-access 1' command is executed.
11:31:05 INFO  : Context for 'APU' is selected.
11:31:05 INFO  : 'stop' command is executed.
11:31:06 INFO  : 'ps7_init' command is executed.
11:31:06 INFO  : 'ps7_post_config' command is executed.
11:31:06 INFO  : 'configparams force-mem-access 0' command is executed.
11:31:06 INFO  : ----------------XSDB Script----------------
connect -url tcp:127.0.0.1:3121
source /media/psf/Home/vivado/aes7/aes7.sdk/aes7_wrapper_hw_platform_0/ps7_init.tcl
targets -set -nocase -filter {name =~"APU*" && jtag_cable_name =~ "Digilent Zybo Z7 210351A77ECFA"} -index 0
loadhw -hw /media/psf/Home/vivado/aes7/aes7.sdk/aes7_wrapper_hw_platform_0/system.hdf -mem-ranges [list {0x40000000 0xbfffffff}]
configparams force-mem-access 1
targets -set -nocase -filter {name =~"APU*" && jtag_cable_name =~ "Digilent Zybo Z7 210351A77ECFA"} -index 0
stop
ps7_init
ps7_post_config
configparams force-mem-access 0
----------------End of Script----------------

11:31:06 INFO  : Memory regions updated for context APU
11:31:06 INFO  : Launch script is exported to file '/media/psf/Home/vivado/aes7/aes7.sdk/.sdk/launch_scripts/xilinx_c-c++_application_(system_debugger)/system_debugger_using_debug_fillmem.elf_on_local.tcl'
11:32:59 INFO  : Disconnected from the channel tcfchan#4.
11:33:05 INFO  : 'targets -set -filter {jtag_cable_name =~ "Digilent Zybo Z7 210351A77ECFA" && level==0} -index 1' command is executed.
11:33:05 INFO  : 'fpga -state' command is executed.
11:33:05 INFO  : Connected to target on host '127.0.0.1' and port '3121'.
11:33:05 INFO  : Jtag cable 'Digilent Zybo Z7 210351A77ECFA' is selected.
11:33:05 INFO  : 'jtag frequency' command is executed.
11:33:05 INFO  : Sourcing of '/media/psf/Home/vivado/aes7/aes7.sdk/aes7_wrapper_hw_platform_0/ps7_init.tcl' is done.
11:33:05 INFO  : Context for 'APU' is selected.
11:33:07 INFO  : Hardware design information is loaded from '/media/psf/Home/vivado/aes7/aes7.sdk/aes7_wrapper_hw_platform_0/system.hdf'.
11:33:07 INFO  : 'configparams force-mem-access 1' command is executed.
11:33:07 INFO  : Context for 'APU' is selected.
11:33:07 INFO  : 'stop' command is executed.
11:33:08 INFO  : 'ps7_init' command is executed.
11:33:08 INFO  : 'ps7_post_config' command is executed.
11:33:08 INFO  : 'configparams force-mem-access 0' command is executed.
11:33:08 INFO  : ----------------XSDB Script----------------
connect -url tcp:127.0.0.1:3121
source /media/psf/Home/vivado/aes7/aes7.sdk/aes7_wrapper_hw_platform_0/ps7_init.tcl
targets -set -nocase -filter {name =~"APU*" && jtag_cable_name =~ "Digilent Zybo Z7 210351A77ECFA"} -index 0
loadhw -hw /media/psf/Home/vivado/aes7/aes7.sdk/aes7_wrapper_hw_platform_0/system.hdf -mem-ranges [list {0x40000000 0xbfffffff}]
configparams force-mem-access 1
targets -set -nocase -filter {name =~"APU*" && jtag_cable_name =~ "Digilent Zybo Z7 210351A77ECFA"} -index 0
stop
ps7_init
ps7_post_config
configparams force-mem-access 0
----------------End of Script----------------

11:33:08 INFO  : Memory regions updated for context APU
11:33:08 INFO  : Launch script is exported to file '/media/psf/Home/vivado/aes7/aes7.sdk/.sdk/launch_scripts/xilinx_c-c++_application_(system_debugger)/system_debugger_using_debug_fillmem.elf_on_local.tcl'
11:34:37 INFO  : Refreshed build settings on project fillmem
11:41:17 INFO  : Disconnected from the channel tcfchan#5.
11:42:11 INFO  : Registering command handlers for SDK TCF services
11:42:12 INFO  : Launching XSCT server: xsct -n -interactive /media/psf/Home/vivado/aes7/aes7.sdk/temp_xsdb_launch_script.tcl
11:42:15 INFO  : XSCT server has started successfully.
11:42:15 INFO  : Successfully done setting XSCT server connection channel  
11:42:15 INFO  : Successfully done setting SDK workspace  
11:42:15 INFO  : Processing command line option -hwspec /media/psf/Home/vivado/aes7/aes7.sdk/aes7_wrapper.hdf.
11:42:15 INFO  : Checking for hwspec changes in the project aes7_wrapper_hw_platform_0.
11:44:28 INFO  : Registering command handlers for SDK TCF services
11:44:29 INFO  : Launching XSCT server: xsct -n -interactive /home/parallels/vivado/aes7/aes7.sdk/temp_xsdb_launch_script.tcl
11:44:32 INFO  : XSCT server has started successfully.
11:44:32 INFO  : Successfully done setting XSCT server connection channel  
11:44:32 INFO  : Processing command line option -hwspec ./aes7.sdk/aes7_wrapper.hdf.
11:44:32 INFO  : Successfully done setting SDK workspace  
