
*** Running vivado
    with args -log aes7_pscommunicator_0_0.vds -m64 -product Vivado -mode batch -messageDb vivado.pb -notrace -source aes7_pscommunicator_0_0.tcl


****** Vivado v2018.3 (64-bit)
  **** SW Build 2405991 on Thu Dec  6 23:36:41 MST 2018
  **** IP Build 2404404 on Fri Dec  7 01:43:56 MST 2018
    ** Copyright 1986-2018 Xilinx, Inc. All Rights Reserved.

CRITICAL WARNING: [Common 17-741] No write access right to the local Tcl store at '/home/parallels/.Xilinx/Vivado/2018.3/XilinxTclStore'. XilinxTclStore is reverted to the installation area. If you want to use local Tcl Store, please change the access right and relaunch Vivado.
source aes7_pscommunicator_0_0.tcl -notrace
Command: synth_design -top aes7_pscommunicator_0_0 -part xc7z010clg400-1 -mode out_of_context
Starting synth_design
Attempting to get a license for feature 'Synthesis' and/or device 'xc7z010'
INFO: [Common 17-349] Got license for feature 'Synthesis' and/or device 'xc7z010'
INFO: Launching helper process for spawning children vivado processes
INFO: Helper process launched with PID 1305 
---------------------------------------------------------------------------------
Starting RTL Elaboration : Time (s): cpu = 00:00:01 ; elapsed = 00:00:02 . Memory (MB): peak = 1397.070 ; gain = 0.000 ; free physical = 961 ; free virtual = 2479
---------------------------------------------------------------------------------
INFO: [Synth 8-638] synthesizing module 'aes7_pscommunicator_0_0' [/home/parallels/vivado/aes7/aes7.srcs/sources_1/bd/aes7/ip/aes7_pscommunicator_0_0/synth/aes7_pscommunicator_0_0.vhd:69]
INFO: [Synth 8-3491] module 'pscommunicator' declared at '/home/parallels/vivado/aes7/aes7.srcs/sources_1/imports/vivado/pscommunicator.vhd:4' bound to instance 'U0' of component 'pscommunicator' [/home/parallels/vivado/aes7/aes7.srcs/sources_1/bd/aes7/ip/aes7_pscommunicator_0_0/synth/aes7_pscommunicator_0_0.vhd:99]
INFO: [Synth 8-638] synthesizing module 'pscommunicator' [/home/parallels/vivado/aes7/aes7.srcs/sources_1/imports/vivado/pscommunicator.vhd:19]
WARNING: [Synth 8-3848] Net PID in module/entity pscommunicator does not have driver. [/home/parallels/vivado/aes7/aes7.srcs/sources_1/imports/vivado/pscommunicator.vhd:15]
INFO: [Synth 8-256] done synthesizing module 'pscommunicator' (1#1) [/home/parallels/vivado/aes7/aes7.srcs/sources_1/imports/vivado/pscommunicator.vhd:19]
INFO: [Synth 8-256] done synthesizing module 'aes7_pscommunicator_0_0' (2#1) [/home/parallels/vivado/aes7/aes7.srcs/sources_1/bd/aes7/ip/aes7_pscommunicator_0_0/synth/aes7_pscommunicator_0_0.vhd:69]
WARNING: [Synth 8-3331] design pscommunicator has unconnected port PID[12]
WARNING: [Synth 8-3331] design pscommunicator has unconnected port PID[11]
WARNING: [Synth 8-3331] design pscommunicator has unconnected port PID[10]
WARNING: [Synth 8-3331] design pscommunicator has unconnected port PID[9]
WARNING: [Synth 8-3331] design pscommunicator has unconnected port PID[8]
WARNING: [Synth 8-3331] design pscommunicator has unconnected port PID[7]
WARNING: [Synth 8-3331] design pscommunicator has unconnected port PID[6]
WARNING: [Synth 8-3331] design pscommunicator has unconnected port PID[5]
WARNING: [Synth 8-3331] design pscommunicator has unconnected port PID[4]
WARNING: [Synth 8-3331] design pscommunicator has unconnected port PID[3]
WARNING: [Synth 8-3331] design pscommunicator has unconnected port PID[2]
WARNING: [Synth 8-3331] design pscommunicator has unconnected port PID[1]
WARNING: [Synth 8-3331] design pscommunicator has unconnected port PID[0]
WARNING: [Synth 8-3331] design pscommunicator has unconnected port clk
WARNING: [Synth 8-3331] design pscommunicator has unconnected port data[31]
WARNING: [Synth 8-3331] design pscommunicator has unconnected port data[30]
WARNING: [Synth 8-3331] design pscommunicator has unconnected port data[29]
WARNING: [Synth 8-3331] design pscommunicator has unconnected port data[28]
---------------------------------------------------------------------------------
Finished RTL Elaboration : Time (s): cpu = 00:00:02 ; elapsed = 00:00:03 . Memory (MB): peak = 1440.738 ; gain = 43.668 ; free physical = 972 ; free virtual = 2492
---------------------------------------------------------------------------------

Report Check Netlist: 
+------+------------------+-------+---------+-------+------------------+
|      |Item              |Errors |Warnings |Status |Description       |
+------+------------------+-------+---------+-------+------------------+
|1     |multi_driven_nets |      0|        0|Passed |Multi driven nets |
+------+------------------+-------+---------+-------+------------------+
---------------------------------------------------------------------------------
Start Handling Custom Attributes
---------------------------------------------------------------------------------
---------------------------------------------------------------------------------
Finished Handling Custom Attributes : Time (s): cpu = 00:00:02 ; elapsed = 00:00:03 . Memory (MB): peak = 1440.738 ; gain = 43.668 ; free physical = 971 ; free virtual = 2491
---------------------------------------------------------------------------------
---------------------------------------------------------------------------------
Finished RTL Optimization Phase 1 : Time (s): cpu = 00:00:02 ; elapsed = 00:00:03 . Memory (MB): peak = 1440.738 ; gain = 43.668 ; free physical = 971 ; free virtual = 2491
---------------------------------------------------------------------------------
INFO: [Device 21-403] Loading part xc7z010clg400-1
INFO: [Project 1-570] Preparing netlist for logic optimization

Processing XDC Constraints
Initializing timing engine
Completed Processing XDC Constraints

Netlist sorting complete. Time (s): cpu = 00:00:00 ; elapsed = 00:00:00 . Memory (MB): peak = 1641.375 ; gain = 0.000 ; free physical = 734 ; free virtual = 2254
INFO: [Project 1-111] Unisim Transformation Summary:
No Unisim elements were transformed.

Netlist sorting complete. Time (s): cpu = 00:00:00 ; elapsed = 00:00:00 . Memory (MB): peak = 1641.375 ; gain = 0.000 ; free physical = 734 ; free virtual = 2254
WARNING: [Constraints 18-5210] No constraints selected for write.
Resolution: This message can indicate that there are no constraints for the design, or it can indicate that the used_in flags are set such that the constraints are ignored. This later case is used when running synth_design to not write synthesis constraints to the resulting checkpoint. Instead, project constraints are read when the synthesized design is opened.
Constraint Validation Runtime : Time (s): cpu = 00:00:00.04 ; elapsed = 00:00:00.09 . Memory (MB): peak = 1643.375 ; gain = 2.000 ; free physical = 732 ; free virtual = 2253
---------------------------------------------------------------------------------
Finished Constraint Validation : Time (s): cpu = 00:00:06 ; elapsed = 00:00:07 . Memory (MB): peak = 1643.375 ; gain = 246.305 ; free physical = 799 ; free virtual = 2320
---------------------------------------------------------------------------------
---------------------------------------------------------------------------------
Start Loading Part and Timing Information
---------------------------------------------------------------------------------
Loading part: xc7z010clg400-1
---------------------------------------------------------------------------------
Finished Loading Part and Timing Information : Time (s): cpu = 00:00:06 ; elapsed = 00:00:07 . Memory (MB): peak = 1643.375 ; gain = 246.305 ; free physical = 799 ; free virtual = 2320
---------------------------------------------------------------------------------
---------------------------------------------------------------------------------
Start Applying 'set_property' XDC Constraints
---------------------------------------------------------------------------------
---------------------------------------------------------------------------------
Finished applying 'set_property' XDC Constraints : Time (s): cpu = 00:00:06 ; elapsed = 00:00:08 . Memory (MB): peak = 1643.375 ; gain = 246.305 ; free physical = 801 ; free virtual = 2322
---------------------------------------------------------------------------------
---------------------------------------------------------------------------------
Finished RTL Optimization Phase 2 : Time (s): cpu = 00:00:06 ; elapsed = 00:00:08 . Memory (MB): peak = 1643.375 ; gain = 246.305 ; free physical = 799 ; free virtual = 2320
---------------------------------------------------------------------------------

Report RTL Partitions: 
+-+--------------+------------+----------+
| |RTL Partition |Replication |Instances |
+-+--------------+------------+----------+
+-+--------------+------------+----------+
---------------------------------------------------------------------------------
Start RTL Component Statistics 
---------------------------------------------------------------------------------
Detailed RTL Component Info : 
---------------------------------------------------------------------------------
Finished RTL Component Statistics 
---------------------------------------------------------------------------------
---------------------------------------------------------------------------------
Start RTL Hierarchical Component Statistics 
---------------------------------------------------------------------------------
Hierarchical RTL Component report 
---------------------------------------------------------------------------------
Finished RTL Hierarchical Component Statistics
---------------------------------------------------------------------------------
---------------------------------------------------------------------------------
Start Part Resource Summary
---------------------------------------------------------------------------------
Part Resources:
DSPs: 80 (col length:40)
BRAMs: 120 (col length: RAMB18 40 RAMB36 20)
---------------------------------------------------------------------------------
Finished Part Resource Summary
---------------------------------------------------------------------------------
---------------------------------------------------------------------------------
Start Cross Boundary and Area Optimization
---------------------------------------------------------------------------------
Warning: Parallel synthesis criteria is not met 
WARNING: [Synth 8-3330] design aes7_pscommunicator_0_0 has an empty top module
INFO: [Synth 8-3917] design aes7_pscommunicator_0_0 has port I[7] driven by constant 0
INFO: [Synth 8-3917] design aes7_pscommunicator_0_0 has port I[6] driven by constant 0
INFO: [Synth 8-3917] design aes7_pscommunicator_0_0 has port I[5] driven by constant 0
INFO: [Synth 8-3917] design aes7_pscommunicator_0_0 has port I[4] driven by constant 0
INFO: [Synth 8-3917] design aes7_pscommunicator_0_0 has port I[3] driven by constant 0
INFO: [Synth 8-3917] design aes7_pscommunicator_0_0 has port I[2] driven by constant 0
INFO: [Synth 8-3917] design aes7_pscommunicator_0_0 has port I[1] driven by constant 0
INFO: [Synth 8-3917] design aes7_pscommunicator_0_0 has port I[0] driven by constant 0
INFO: [Synth 8-3917] design aes7_pscommunicator_0_0 has port PID[12] driven by constant 0
INFO: [Synth 8-3917] design aes7_pscommunicator_0_0 has port PID[11] driven by constant 0
INFO: [Synth 8-3917] design aes7_pscommunicator_0_0 has port PID[10] driven by constant 1
INFO: [Synth 8-3917] design aes7_pscommunicator_0_0 has port PID[9] driven by constant 1
INFO: [Synth 8-3917] design aes7_pscommunicator_0_0 has port PID[8] driven by constant 1
INFO: [Synth 8-3917] design aes7_pscommunicator_0_0 has port PID[7] driven by constant 1
INFO: [Synth 8-3917] design aes7_pscommunicator_0_0 has port PID[6] driven by constant 1
INFO: [Synth 8-3917] design aes7_pscommunicator_0_0 has port PID[5] driven by constant 1
INFO: [Synth 8-3917] design aes7_pscommunicator_0_0 has port PID[4] driven by constant 1
INFO: [Synth 8-3917] design aes7_pscommunicator_0_0 has port PID[3] driven by constant 1
INFO: [Synth 8-3917] design aes7_pscommunicator_0_0 has port PID[2] driven by constant 1
INFO: [Synth 8-3917] design aes7_pscommunicator_0_0 has port PID[1] driven by constant 1
INFO: [Synth 8-3917] design aes7_pscommunicator_0_0 has port PID[0] driven by constant 1
WARNING: [Synth 8-3331] design aes7_pscommunicator_0_0 has unconnected port clk
WARNING: [Synth 8-3331] design aes7_pscommunicator_0_0 has unconnected port data[31]
WARNING: [Synth 8-3331] design aes7_pscommunicator_0_0 has unconnected port data[30]
WARNING: [Synth 8-3331] design aes7_pscommunicator_0_0 has unconnected port data[29]
WARNING: [Synth 8-3331] design aes7_pscommunicator_0_0 has unconnected port data[28]
---------------------------------------------------------------------------------
Finished Cross Boundary and Area Optimization : Time (s): cpu = 00:00:06 ; elapsed = 00:00:08 . Memory (MB): peak = 1643.375 ; gain = 246.305 ; free physical = 797 ; free virtual = 2319
---------------------------------------------------------------------------------

Report RTL Partitions: 
+-+--------------+------------+----------+
| |RTL Partition |Replication |Instances |
+-+--------------+------------+----------+
+-+--------------+------------+----------+
---------------------------------------------------------------------------------
Start Applying XDC Timing Constraints
---------------------------------------------------------------------------------
---------------------------------------------------------------------------------
Finished Applying XDC Timing Constraints : Time (s): cpu = 00:00:10 ; elapsed = 00:00:12 . Memory (MB): peak = 1689.375 ; gain = 292.305 ; free physical = 669 ; free virtual = 2192
---------------------------------------------------------------------------------
---------------------------------------------------------------------------------
Start Timing Optimization
---------------------------------------------------------------------------------
---------------------------------------------------------------------------------
Finished Timing Optimization : Time (s): cpu = 00:00:10 ; elapsed = 00:00:12 . Memory (MB): peak = 1689.375 ; gain = 292.305 ; free physical = 669 ; free virtual = 2192
---------------------------------------------------------------------------------

Report RTL Partitions: 
+-+--------------+------------+----------+
| |RTL Partition |Replication |Instances |
+-+--------------+------------+----------+
+-+--------------+------------+----------+
---------------------------------------------------------------------------------
Start Technology Mapping
---------------------------------------------------------------------------------
---------------------------------------------------------------------------------
Finished Technology Mapping : Time (s): cpu = 00:00:10 ; elapsed = 00:00:12 . Memory (MB): peak = 1699.391 ; gain = 302.320 ; free physical = 668 ; free virtual = 2191
---------------------------------------------------------------------------------

Report RTL Partitions: 
+-+--------------+------------+----------+
| |RTL Partition |Replication |Instances |
+-+--------------+------------+----------+
+-+--------------+------------+----------+
---------------------------------------------------------------------------------
Start IO Insertion
---------------------------------------------------------------------------------
---------------------------------------------------------------------------------
Start Flattening Before IO Insertion
---------------------------------------------------------------------------------
---------------------------------------------------------------------------------
Finished Flattening Before IO Insertion
---------------------------------------------------------------------------------
---------------------------------------------------------------------------------
Start Final Netlist Cleanup
---------------------------------------------------------------------------------
---------------------------------------------------------------------------------
Finished Final Netlist Cleanup
---------------------------------------------------------------------------------
---------------------------------------------------------------------------------
Finished IO Insertion : Time (s): cpu = 00:00:11 ; elapsed = 00:00:12 . Memory (MB): peak = 1699.391 ; gain = 302.320 ; free physical = 668 ; free virtual = 2191
---------------------------------------------------------------------------------

Report Check Netlist: 
+------+------------------+-------+---------+-------+------------------+
|      |Item              |Errors |Warnings |Status |Description       |
+------+------------------+-------+---------+-------+------------------+
|1     |multi_driven_nets |      0|        0|Passed |Multi driven nets |
+------+------------------+-------+---------+-------+------------------+
---------------------------------------------------------------------------------
Start Renaming Generated Instances
---------------------------------------------------------------------------------
---------------------------------------------------------------------------------
Finished Renaming Generated Instances : Time (s): cpu = 00:00:11 ; elapsed = 00:00:12 . Memory (MB): peak = 1699.391 ; gain = 302.320 ; free physical = 668 ; free virtual = 2191
---------------------------------------------------------------------------------

Report RTL Partitions: 
+-+--------------+------------+----------+
| |RTL Partition |Replication |Instances |
+-+--------------+------------+----------+
+-+--------------+------------+----------+
---------------------------------------------------------------------------------
Start Rebuilding User Hierarchy
---------------------------------------------------------------------------------
---------------------------------------------------------------------------------
Finished Rebuilding User Hierarchy : Time (s): cpu = 00:00:11 ; elapsed = 00:00:12 . Memory (MB): peak = 1699.391 ; gain = 302.320 ; free physical = 668 ; free virtual = 2191
---------------------------------------------------------------------------------
---------------------------------------------------------------------------------
Start Renaming Generated Ports
---------------------------------------------------------------------------------
---------------------------------------------------------------------------------
Finished Renaming Generated Ports : Time (s): cpu = 00:00:11 ; elapsed = 00:00:12 . Memory (MB): peak = 1699.391 ; gain = 302.320 ; free physical = 668 ; free virtual = 2191
---------------------------------------------------------------------------------
---------------------------------------------------------------------------------
Start Handling Custom Attributes
---------------------------------------------------------------------------------
---------------------------------------------------------------------------------
Finished Handling Custom Attributes : Time (s): cpu = 00:00:11 ; elapsed = 00:00:12 . Memory (MB): peak = 1699.391 ; gain = 302.320 ; free physical = 668 ; free virtual = 2191
---------------------------------------------------------------------------------
---------------------------------------------------------------------------------
Start Renaming Generated Nets
---------------------------------------------------------------------------------
---------------------------------------------------------------------------------
Finished Renaming Generated Nets : Time (s): cpu = 00:00:11 ; elapsed = 00:00:12 . Memory (MB): peak = 1699.391 ; gain = 302.320 ; free physical = 668 ; free virtual = 2191
---------------------------------------------------------------------------------
---------------------------------------------------------------------------------
Start Writing Synthesis Report
---------------------------------------------------------------------------------

Report BlackBoxes: 
+-+--------------+----------+
| |BlackBox name |Instances |
+-+--------------+----------+
+-+--------------+----------+

Report Cell Usage: 
+-+-----+------+
| |Cell |Count |
+-+-----+------+
+-+-----+------+

Report Instance Areas: 
+------+---------+-------+------+
|      |Instance |Module |Cells |
+------+---------+-------+------+
|1     |top      |       |     0|
+------+---------+-------+------+
---------------------------------------------------------------------------------
Finished Writing Synthesis Report : Time (s): cpu = 00:00:11 ; elapsed = 00:00:12 . Memory (MB): peak = 1699.391 ; gain = 302.320 ; free physical = 668 ; free virtual = 2191
---------------------------------------------------------------------------------
Synthesis finished with 0 errors, 0 critical warnings and 6 warnings.
Synthesis Optimization Runtime : Time (s): cpu = 00:00:08 ; elapsed = 00:00:09 . Memory (MB): peak = 1699.391 ; gain = 99.684 ; free physical = 727 ; free virtual = 2250
Synthesis Optimization Complete : Time (s): cpu = 00:00:11 ; elapsed = 00:00:13 . Memory (MB): peak = 1699.398 ; gain = 302.320 ; free physical = 727 ; free virtual = 2250
INFO: [Project 1-571] Translating synthesized netlist
INFO: [Project 1-570] Preparing netlist for logic optimization
INFO: [Opt 31-138] Pushed 0 inverter(s) to 0 load pin(s).
Netlist sorting complete. Time (s): cpu = 00:00:00 ; elapsed = 00:00:00 . Memory (MB): peak = 1705.391 ; gain = 0.000 ; free physical = 665 ; free virtual = 2187
INFO: [Project 1-111] Unisim Transformation Summary:
No Unisim elements were transformed.

INFO: [Common 17-83] Releasing license: Synthesis
35 Infos, 26 Warnings, 0 Critical Warnings and 0 Errors encountered.
synth_design completed successfully
synth_design: Time (s): cpu = 00:00:12 ; elapsed = 00:00:13 . Memory (MB): peak = 1709.391 ; gain = 312.402 ; free physical = 714 ; free virtual = 2236
Netlist sorting complete. Time (s): cpu = 00:00:00 ; elapsed = 00:00:00 . Memory (MB): peak = 1709.391 ; gain = 0.000 ; free physical = 714 ; free virtual = 2236
WARNING: [Constraints 18-5210] No constraints selected for write.
Resolution: This message can indicate that there are no constraints for the design, or it can indicate that the used_in flags are set such that the constraints are ignored. This later case is used when running synth_design to not write synthesis constraints to the resulting checkpoint. Instead, project constraints are read when the synthesized design is opened.
INFO: [Common 17-1381] The checkpoint '/home/parallels/vivado/aes7/aes7.runs/aes7_pscommunicator_0_0_synth_1/aes7_pscommunicator_0_0.dcp' has been generated.
Netlist sorting complete. Time (s): cpu = 00:00:00 ; elapsed = 00:00:00 . Memory (MB): peak = 1725.398 ; gain = 0.000 ; free physical = 716 ; free virtual = 2238
WARNING: [Constraints 18-5210] No constraints selected for write.
Resolution: This message can indicate that there are no constraints for the design, or it can indicate that the used_in flags are set such that the constraints are ignored. This later case is used when running synth_design to not write synthesis constraints to the resulting checkpoint. Instead, project constraints are read when the synthesized design is opened.
INFO: [Common 17-1381] The checkpoint '/home/parallels/vivado/aes7/aes7.runs/aes7_pscommunicator_0_0_synth_1/aes7_pscommunicator_0_0.dcp' has been generated.
INFO: [runtcl-4] Executing : report_utilization -file aes7_pscommunicator_0_0_utilization_synth.rpt -pb aes7_pscommunicator_0_0_utilization_synth.pb
INFO: [Common 17-206] Exiting Vivado at Fri Dec 21 22:59:00 2018...
