11:53:40 INFO  : Registering command handlers for SDK TCF services
11:53:41 INFO  : Launching XSCT server: xsct -n -interactive /home/parallels/vivado/aes7/aes7.sdk/temp_xsdb_launch_script.tcl
11:53:43 INFO  : XSCT server has started successfully.
11:53:43 INFO  : Successfully done setting XSCT server connection channel  
11:53:43 INFO  : Processing command line option -hwspec /home/parallels/vivado/aes7/aes7.sdk/aes7_wrapper.hdf.
11:53:43 INFO  : Successfully done setting SDK workspace  
11:56:32 INFO  : 'targets -set -filter {jtag_cable_name =~ "Digilent Zybo Z7 210351A77ECFA" && level==0} -index 1' command is executed.
11:56:32 INFO  : 'fpga -state' command is executed.
11:56:32 INFO  : Connected to target on host '127.0.0.1' and port '3121'.
11:56:32 INFO  : Jtag cable 'Digilent Zybo Z7 210351A77ECFA' is selected.
11:56:32 INFO  : 'jtag frequency' command is executed.
11:56:32 INFO  : Sourcing of '/home/parallels/vivado/aes7/aes7.sdk/aes7_wrapper_hw_platform_0/ps7_init.tcl' is done.
11:56:32 INFO  : Context for 'APU' is selected.
11:56:32 INFO  : Hardware design information is loaded from '/home/parallels/vivado/aes7/aes7.sdk/aes7_wrapper_hw_platform_0/system.hdf'.
11:56:32 INFO  : 'configparams force-mem-access 1' command is executed.
11:56:32 INFO  : Context for 'APU' is selected.
11:56:32 INFO  : 'stop' command is executed.
11:56:33 INFO  : 'ps7_init' command is executed.
11:56:33 INFO  : 'ps7_post_config' command is executed.
11:56:33 INFO  : Context for processor 'ps7_cortexa9_0' is selected.
11:56:33 INFO  : Processor reset is completed for 'ps7_cortexa9_0'.
11:56:33 INFO  : Context for processor 'ps7_cortexa9_0' is selected.
11:56:33 INFO  : The application '/home/parallels/vivado/aes7/aes7.sdk/fillmemory/Debug/fillmemory.elf' is downloaded to processor 'ps7_cortexa9_0'.
11:56:33 INFO  : 'configparams force-mem-access 0' command is executed.
11:56:33 INFO  : ----------------XSDB Script----------------
connect -url tcp:127.0.0.1:3121
source /home/parallels/vivado/aes7/aes7.sdk/aes7_wrapper_hw_platform_0/ps7_init.tcl
targets -set -nocase -filter {name =~"APU*" && jtag_cable_name =~ "Digilent Zybo Z7 210351A77ECFA"} -index 0
loadhw -hw /home/parallels/vivado/aes7/aes7.sdk/aes7_wrapper_hw_platform_0/system.hdf -mem-ranges [list {0x40000000 0xbfffffff}]
configparams force-mem-access 1
targets -set -nocase -filter {name =~"APU*" && jtag_cable_name =~ "Digilent Zybo Z7 210351A77ECFA"} -index 0
stop
ps7_init
ps7_post_config
targets -set -nocase -filter {name =~ "ARM*#0" && jtag_cable_name =~ "Digilent Zybo Z7 210351A77ECFA"} -index 0
rst -processor
targets -set -nocase -filter {name =~ "ARM*#0" && jtag_cable_name =~ "Digilent Zybo Z7 210351A77ECFA"} -index 0
dow /home/parallels/vivado/aes7/aes7.sdk/fillmemory/Debug/fillmemory.elf
configparams force-mem-access 0
----------------End of Script----------------

11:56:33 INFO  : Memory regions updated for context APU
11:56:33 INFO  : Context for processor 'ps7_cortexa9_0' is selected.
11:56:33 INFO  : 'con' command is executed.
11:56:33 INFO  : ----------------XSDB Script (After Launch)----------------
targets -set -nocase -filter {name =~ "ARM*#0" && jtag_cable_name =~ "Digilent Zybo Z7 210351A77ECFA"} -index 0
con
----------------End of Script----------------

11:56:33 INFO  : Launch script is exported to file '/home/parallels/vivado/aes7/aes7.sdk/.sdk/launch_scripts/xilinx_c-c++_application_(system_debugger)/system_debugger_using_debug_fillmemory.elf_on_local.tcl'
11:59:25 INFO  : Disconnected from the channel tcfchan#1.
11:59:26 INFO  : 'targets -set -filter {jtag_cable_name =~ "Digilent Zybo Z7 210351A77ECFA" && level==0} -index 1' command is executed.
11:59:26 INFO  : 'fpga -state' command is executed.
11:59:26 INFO  : Connected to target on host '127.0.0.1' and port '3121'.
11:59:27 INFO  : Jtag cable 'Digilent Zybo Z7 210351A77ECFA' is selected.
11:59:27 INFO  : 'jtag frequency' command is executed.
11:59:27 INFO  : Sourcing of '/home/parallels/vivado/aes7/aes7.sdk/aes7_wrapper_hw_platform_0/ps7_init.tcl' is done.
11:59:27 INFO  : Context for 'APU' is selected.
11:59:28 INFO  : Hardware design information is loaded from '/home/parallels/vivado/aes7/aes7.sdk/aes7_wrapper_hw_platform_0/system.hdf'.
11:59:28 INFO  : 'configparams force-mem-access 1' command is executed.
11:59:28 INFO  : Context for 'APU' is selected.
11:59:28 INFO  : 'stop' command is executed.
11:59:28 INFO  : 'ps7_init' command is executed.
11:59:28 INFO  : 'ps7_post_config' command is executed.
11:59:28 INFO  : Context for processor 'ps7_cortexa9_0' is selected.
11:59:28 INFO  : Processor reset is completed for 'ps7_cortexa9_0'.
11:59:28 INFO  : Context for processor 'ps7_cortexa9_0' is selected.
11:59:29 INFO  : The application '/home/parallels/vivado/aes7/aes7.sdk/fillmemory/Debug/fillmemory.elf' is downloaded to processor 'ps7_cortexa9_0'.
11:59:29 INFO  : 'configparams force-mem-access 0' command is executed.
11:59:29 INFO  : ----------------XSDB Script----------------
connect -url tcp:127.0.0.1:3121
source /home/parallels/vivado/aes7/aes7.sdk/aes7_wrapper_hw_platform_0/ps7_init.tcl
targets -set -nocase -filter {name =~"APU*" && jtag_cable_name =~ "Digilent Zybo Z7 210351A77ECFA"} -index 0
loadhw -hw /home/parallels/vivado/aes7/aes7.sdk/aes7_wrapper_hw_platform_0/system.hdf -mem-ranges [list {0x40000000 0xbfffffff}]
configparams force-mem-access 1
targets -set -nocase -filter {name =~"APU*" && jtag_cable_name =~ "Digilent Zybo Z7 210351A77ECFA"} -index 0
stop
ps7_init
ps7_post_config
targets -set -nocase -filter {name =~ "ARM*#0" && jtag_cable_name =~ "Digilent Zybo Z7 210351A77ECFA"} -index 0
rst -processor
targets -set -nocase -filter {name =~ "ARM*#0" && jtag_cable_name =~ "Digilent Zybo Z7 210351A77ECFA"} -index 0
dow /home/parallels/vivado/aes7/aes7.sdk/fillmemory/Debug/fillmemory.elf
configparams force-mem-access 0
----------------End of Script----------------

11:59:29 INFO  : Memory regions updated for context APU
11:59:29 INFO  : Context for processor 'ps7_cortexa9_0' is selected.
11:59:29 INFO  : 'con' command is executed.
11:59:29 INFO  : ----------------XSDB Script (After Launch)----------------
targets -set -nocase -filter {name =~ "ARM*#0" && jtag_cable_name =~ "Digilent Zybo Z7 210351A77ECFA"} -index 0
con
----------------End of Script----------------

11:59:29 INFO  : Launch script is exported to file '/home/parallels/vivado/aes7/aes7.sdk/.sdk/launch_scripts/xilinx_c-c++_application_(system_debugger)/system_debugger_using_debug_fillmemory.elf_on_local.tcl'
11:59:59 INFO  : Disconnected from the channel tcfchan#2.
12:00:00 INFO  : 'targets -set -filter {jtag_cable_name =~ "Digilent Zybo Z7 210351A77ECFA" && level==0} -index 1' command is executed.
12:00:00 INFO  : 'fpga -state' command is executed.
12:00:00 INFO  : Connected to target on host '127.0.0.1' and port '3121'.
12:00:00 INFO  : Jtag cable 'Digilent Zybo Z7 210351A77ECFA' is selected.
12:00:00 INFO  : 'jtag frequency' command is executed.
12:00:00 INFO  : Sourcing of '/home/parallels/vivado/aes7/aes7.sdk/aes7_wrapper_hw_platform_0/ps7_init.tcl' is done.
12:00:00 INFO  : Context for 'APU' is selected.
12:00:01 INFO  : Hardware design information is loaded from '/home/parallels/vivado/aes7/aes7.sdk/aes7_wrapper_hw_platform_0/system.hdf'.
12:00:01 INFO  : 'configparams force-mem-access 1' command is executed.
12:00:01 INFO  : Context for 'APU' is selected.
12:00:01 INFO  : 'stop' command is executed.
12:00:02 INFO  : 'ps7_init' command is executed.
12:00:02 INFO  : 'ps7_post_config' command is executed.
12:00:02 INFO  : Context for processor 'ps7_cortexa9_0' is selected.
12:00:02 INFO  : Processor reset is completed for 'ps7_cortexa9_0'.
12:00:02 INFO  : Context for processor 'ps7_cortexa9_0' is selected.
12:00:02 INFO  : The application '/home/parallels/vivado/aes7/aes7.sdk/fillmemory/Debug/fillmemory.elf' is downloaded to processor 'ps7_cortexa9_0'.
12:00:02 INFO  : 'configparams force-mem-access 0' command is executed.
12:00:02 INFO  : ----------------XSDB Script----------------
connect -url tcp:127.0.0.1:3121
source /home/parallels/vivado/aes7/aes7.sdk/aes7_wrapper_hw_platform_0/ps7_init.tcl
targets -set -nocase -filter {name =~"APU*" && jtag_cable_name =~ "Digilent Zybo Z7 210351A77ECFA"} -index 0
loadhw -hw /home/parallels/vivado/aes7/aes7.sdk/aes7_wrapper_hw_platform_0/system.hdf -mem-ranges [list {0x40000000 0xbfffffff}]
configparams force-mem-access 1
targets -set -nocase -filter {name =~"APU*" && jtag_cable_name =~ "Digilent Zybo Z7 210351A77ECFA"} -index 0
stop
ps7_init
ps7_post_config
targets -set -nocase -filter {name =~ "ARM*#0" && jtag_cable_name =~ "Digilent Zybo Z7 210351A77ECFA"} -index 0
rst -processor
targets -set -nocase -filter {name =~ "ARM*#0" && jtag_cable_name =~ "Digilent Zybo Z7 210351A77ECFA"} -index 0
dow /home/parallels/vivado/aes7/aes7.sdk/fillmemory/Debug/fillmemory.elf
configparams force-mem-access 0
----------------End of Script----------------

12:00:02 INFO  : Memory regions updated for context APU
12:00:02 INFO  : Context for processor 'ps7_cortexa9_0' is selected.
12:00:02 INFO  : 'con' command is executed.
12:00:02 INFO  : ----------------XSDB Script (After Launch)----------------
targets -set -nocase -filter {name =~ "ARM*#0" && jtag_cable_name =~ "Digilent Zybo Z7 210351A77ECFA"} -index 0
con
----------------End of Script----------------

12:00:02 INFO  : Launch script is exported to file '/home/parallels/vivado/aes7/aes7.sdk/.sdk/launch_scripts/xilinx_c-c++_application_(system_debugger)/system_debugger_using_debug_fillmemory.elf_on_local.tcl'
12:53:27 INFO  : Disconnected from the channel tcfchan#3.
12:53:29 INFO  : 'targets -set -filter {jtag_cable_name =~ "Digilent Zybo Z7 210351A77ECFA" && level==0} -index 1' command is executed.
12:53:29 INFO  : 'fpga -state' command is executed.
12:53:31 INFO  : Connected to target on host '127.0.0.1' and port '3121'.
12:53:31 INFO  : Jtag cable 'Digilent Zybo Z7 210351A77ECFA' is selected.
12:53:31 INFO  : 'jtag frequency' command is executed.
12:53:31 INFO  : Sourcing of '/home/parallels/vivado/aes7/aes7.sdk/aes7_wrapper_hw_platform_0/ps7_init.tcl' is done.
12:53:31 INFO  : Context for 'APU' is selected.
12:53:34 INFO  : Hardware design information is loaded from '/home/parallels/vivado/aes7/aes7.sdk/aes7_wrapper_hw_platform_0/system.hdf'.
12:53:34 INFO  : 'configparams force-mem-access 1' command is executed.
12:53:34 INFO  : Context for 'APU' is selected.
12:53:34 INFO  : 'stop' command is executed.
12:53:34 INFO  : 'ps7_init' command is executed.
12:53:34 INFO  : 'ps7_post_config' command is executed.
12:53:35 INFO  : Context for processor 'ps7_cortexa9_0' is selected.
12:53:35 INFO  : Processor reset is completed for 'ps7_cortexa9_0'.
12:53:35 INFO  : Context for processor 'ps7_cortexa9_0' is selected.
12:53:35 INFO  : The application '/home/parallels/vivado/aes7/aes7.sdk/fillmemory/Debug/fillmemory.elf' is downloaded to processor 'ps7_cortexa9_0'.
12:53:35 INFO  : 'configparams force-mem-access 0' command is executed.
12:53:35 INFO  : ----------------XSDB Script----------------
connect -url tcp:127.0.0.1:3121
source /home/parallels/vivado/aes7/aes7.sdk/aes7_wrapper_hw_platform_0/ps7_init.tcl
targets -set -nocase -filter {name =~"APU*" && jtag_cable_name =~ "Digilent Zybo Z7 210351A77ECFA"} -index 0
loadhw -hw /home/parallels/vivado/aes7/aes7.sdk/aes7_wrapper_hw_platform_0/system.hdf -mem-ranges [list {0x40000000 0xbfffffff}]
configparams force-mem-access 1
targets -set -nocase -filter {name =~"APU*" && jtag_cable_name =~ "Digilent Zybo Z7 210351A77ECFA"} -index 0
stop
ps7_init
ps7_post_config
targets -set -nocase -filter {name =~ "ARM*#0" && jtag_cable_name =~ "Digilent Zybo Z7 210351A77ECFA"} -index 0
rst -processor
targets -set -nocase -filter {name =~ "ARM*#0" && jtag_cable_name =~ "Digilent Zybo Z7 210351A77ECFA"} -index 0
dow /home/parallels/vivado/aes7/aes7.sdk/fillmemory/Debug/fillmemory.elf
configparams force-mem-access 0
----------------End of Script----------------

12:53:35 INFO  : Memory regions updated for context APU
12:53:35 INFO  : Context for processor 'ps7_cortexa9_0' is selected.
12:53:35 INFO  : 'con' command is executed.
12:53:35 INFO  : ----------------XSDB Script (After Launch)----------------
targets -set -nocase -filter {name =~ "ARM*#0" && jtag_cable_name =~ "Digilent Zybo Z7 210351A77ECFA"} -index 0
con
----------------End of Script----------------

12:53:35 INFO  : Launch script is exported to file '/home/parallels/vivado/aes7/aes7.sdk/.sdk/launch_scripts/xilinx_c-c++_application_(system_debugger)/system_debugger_using_debug_fillmemory.elf_on_local.tcl'
13:34:31 INFO  : SDK has detected change in the last modified timestamps for source hardware specification file Source:1545168811000,  Project:1545159629000
13:34:31 INFO  : Project aes7_wrapper_hw_platform_0's source hardware specification located at /home/parallels/vivado/aes7/aes7.sdk/aes7_wrapper.hdf is now different from the local copy.
		 The local copy will be replaced with the source specification and your workspace will be updated.
13:34:35 INFO  : Copied contents of /home/parallels/vivado/aes7/aes7.sdk/aes7_wrapper.hdf into /aes7_wrapper_hw_platform_0/system.hdf.
13:34:39 INFO  : Synchronizing projects in the workspace with the hardware platform specification changes.
13:34:40 INFO  : 
13:34:41 INFO  : Updating hardware inferred compiler options for axisender.
13:34:42 INFO  : Updating hardware inferred compiler options for fillmemory.
13:34:42 INFO  : Clearing existing target manager status.
13:34:42 INFO  : Workspace synchronized with the new hardware specification file. Cleaning dependent projects...
13:34:42 WARN  : Linker script will not be updated automatically. Users need to update it manually.
13:36:12 INFO  : Disconnected from the channel tcfchan#4.
13:38:33 INFO  : 'targets -set -filter {jtag_cable_name =~ "Digilent Zybo Z7 210351A77ECFA" && level==0} -index 1' command is executed.
13:38:33 INFO  : 'fpga -state' command is executed.
13:38:33 INFO  : Connected to target on host '127.0.0.1' and port '3121'.
13:38:34 INFO  : Jtag cable 'Digilent Zybo Z7 210351A77ECFA' is selected.
13:38:34 INFO  : 'jtag frequency' command is executed.
13:38:34 INFO  : Sourcing of '/home/parallels/vivado/aes7/aes7.sdk/aes7_wrapper_hw_platform_0/ps7_init.tcl' is done.
13:38:34 INFO  : Context for 'APU' is selected.
13:38:34 INFO  : Hardware design information is loaded from '/home/parallels/vivado/aes7/aes7.sdk/aes7_wrapper_hw_platform_0/system.hdf'.
13:38:34 INFO  : 'configparams force-mem-access 1' command is executed.
13:38:34 INFO  : Context for 'APU' is selected.
13:38:34 INFO  : 'stop' command is executed.
13:38:35 INFO  : 'ps7_init' command is executed.
13:38:35 INFO  : 'ps7_post_config' command is executed.
13:38:35 INFO  : Context for processor 'ps7_cortexa9_0' is selected.
13:38:35 INFO  : Processor reset is completed for 'ps7_cortexa9_0'.
13:38:35 INFO  : Context for processor 'ps7_cortexa9_0' is selected.
13:38:35 INFO  : The application '/home/parallels/vivado/aes7/aes7.sdk/axitest/Debug/axitest.elf' is downloaded to processor 'ps7_cortexa9_0'.
13:38:35 INFO  : 'configparams force-mem-access 0' command is executed.
13:38:35 INFO  : ----------------XSDB Script----------------
connect -url tcp:127.0.0.1:3121
source /home/parallels/vivado/aes7/aes7.sdk/aes7_wrapper_hw_platform_0/ps7_init.tcl
targets -set -nocase -filter {name =~"APU*" && jtag_cable_name =~ "Digilent Zybo Z7 210351A77ECFA"} -index 0
loadhw -hw /home/parallels/vivado/aes7/aes7.sdk/aes7_wrapper_hw_platform_0/system.hdf -mem-ranges [list {0x40000000 0xbfffffff}]
configparams force-mem-access 1
targets -set -nocase -filter {name =~"APU*" && jtag_cable_name =~ "Digilent Zybo Z7 210351A77ECFA"} -index 0
stop
ps7_init
ps7_post_config
targets -set -nocase -filter {name =~ "ARM*#0" && jtag_cable_name =~ "Digilent Zybo Z7 210351A77ECFA"} -index 0
rst -processor
targets -set -nocase -filter {name =~ "ARM*#0" && jtag_cable_name =~ "Digilent Zybo Z7 210351A77ECFA"} -index 0
dow /home/parallels/vivado/aes7/aes7.sdk/axitest/Debug/axitest.elf
configparams force-mem-access 0
----------------End of Script----------------

13:38:35 INFO  : Memory regions updated for context APU
13:38:35 INFO  : Context for processor 'ps7_cortexa9_0' is selected.
13:38:35 INFO  : 'con' command is executed.
13:38:35 INFO  : ----------------XSDB Script (After Launch)----------------
targets -set -nocase -filter {name =~ "ARM*#0" && jtag_cable_name =~ "Digilent Zybo Z7 210351A77ECFA"} -index 0
con
----------------End of Script----------------

13:38:35 INFO  : Launch script is exported to file '/home/parallels/vivado/aes7/aes7.sdk/.sdk/launch_scripts/xilinx_c-c++_application_(system_debugger)/system_debugger_using_debug_axitest.elf_on_local.tcl'
13:42:17 INFO  : Disconnected from the channel tcfchan#5.
13:42:18 INFO  : 'targets -set -filter {jtag_cable_name =~ "Digilent Zybo Z7 210351A77ECFA" && level==0} -index 1' command is executed.
13:42:18 INFO  : 'fpga -state' command is executed.
13:42:18 INFO  : Connected to target on host '127.0.0.1' and port '3121'.
13:42:18 INFO  : Jtag cable 'Digilent Zybo Z7 210351A77ECFA' is selected.
13:42:18 INFO  : 'jtag frequency' command is executed.
13:42:18 INFO  : Sourcing of '/home/parallels/vivado/aes7/aes7.sdk/aes7_wrapper_hw_platform_0/ps7_init.tcl' is done.
13:42:18 INFO  : Context for 'APU' is selected.
13:42:20 INFO  : Hardware design information is loaded from '/home/parallels/vivado/aes7/aes7.sdk/aes7_wrapper_hw_platform_0/system.hdf'.
13:42:20 INFO  : 'configparams force-mem-access 1' command is executed.
13:42:20 INFO  : Context for 'APU' is selected.
13:42:20 INFO  : 'stop' command is executed.
13:42:21 INFO  : 'ps7_init' command is executed.
13:42:21 INFO  : 'ps7_post_config' command is executed.
13:42:21 INFO  : Context for processor 'ps7_cortexa9_0' is selected.
13:42:21 INFO  : Processor reset is completed for 'ps7_cortexa9_0'.
13:42:21 INFO  : Context for processor 'ps7_cortexa9_0' is selected.
13:42:21 INFO  : The application '/home/parallels/vivado/aes7/aes7.sdk/axitest/Debug/axitest.elf' is downloaded to processor 'ps7_cortexa9_0'.
13:42:21 INFO  : 'configparams force-mem-access 0' command is executed.
13:42:21 INFO  : ----------------XSDB Script----------------
connect -url tcp:127.0.0.1:3121
source /home/parallels/vivado/aes7/aes7.sdk/aes7_wrapper_hw_platform_0/ps7_init.tcl
targets -set -nocase -filter {name =~"APU*" && jtag_cable_name =~ "Digilent Zybo Z7 210351A77ECFA"} -index 0
loadhw -hw /home/parallels/vivado/aes7/aes7.sdk/aes7_wrapper_hw_platform_0/system.hdf -mem-ranges [list {0x40000000 0xbfffffff}]
configparams force-mem-access 1
targets -set -nocase -filter {name =~"APU*" && jtag_cable_name =~ "Digilent Zybo Z7 210351A77ECFA"} -index 0
stop
ps7_init
ps7_post_config
targets -set -nocase -filter {name =~ "ARM*#0" && jtag_cable_name =~ "Digilent Zybo Z7 210351A77ECFA"} -index 0
rst -processor
targets -set -nocase -filter {name =~ "ARM*#0" && jtag_cable_name =~ "Digilent Zybo Z7 210351A77ECFA"} -index 0
dow /home/parallels/vivado/aes7/aes7.sdk/axitest/Debug/axitest.elf
configparams force-mem-access 0
----------------End of Script----------------

13:42:21 INFO  : Memory regions updated for context APU
13:42:21 INFO  : Context for processor 'ps7_cortexa9_0' is selected.
13:42:21 INFO  : 'con' command is executed.
13:42:21 INFO  : ----------------XSDB Script (After Launch)----------------
targets -set -nocase -filter {name =~ "ARM*#0" && jtag_cable_name =~ "Digilent Zybo Z7 210351A77ECFA"} -index 0
con
----------------End of Script----------------

13:42:21 INFO  : Launch script is exported to file '/home/parallels/vivado/aes7/aes7.sdk/.sdk/launch_scripts/xilinx_c-c++_application_(system_debugger)/system_debugger_using_debug_axitest.elf_on_local.tcl'
00:42:02 INFO  : Disconnected from the channel tcfchan#6.
04:24:14 INFO  : Registering command handlers for SDK TCF services
04:24:15 INFO  : Launching XSCT server: xsct -n -interactive /home/parallels/vivado/aes7/aes7.sdk/temp_xsdb_launch_script.tcl
04:24:18 INFO  : XSCT server has started successfully.
04:24:19 INFO  : Successfully done setting XSCT server connection channel  
04:24:19 INFO  : Successfully done setting SDK workspace  
04:24:19 INFO  : Processing command line option -hwspec /home/parallels/vivado/aes7/aes7.sdk/aes7_wrapper.hdf.
04:24:19 INFO  : Checking for hwspec changes in the project aes7_wrapper_hw_platform_0.
04:24:58 INFO  : 'targets -set -filter {jtag_cable_name =~ "Digilent Zybo Z7 210351A77ECFA" && level==0} -index 1' command is executed.
04:24:58 INFO  : 'fpga -state' command is executed.
04:24:58 INFO  : Connected to target on host '127.0.0.1' and port '3121'.
04:24:58 INFO  : Jtag cable 'Digilent Zybo Z7 210351A77ECFA' is selected.
04:24:58 INFO  : 'jtag frequency' command is executed.
04:24:58 INFO  : Sourcing of '/home/parallels/vivado/aes7/aes7.sdk/aes7_wrapper_hw_platform_0/ps7_init.tcl' is done.
04:24:58 INFO  : Context for 'APU' is selected.
04:24:58 INFO  : Hardware design information is loaded from '/home/parallels/vivado/aes7/aes7.sdk/aes7_wrapper_hw_platform_0/system.hdf'.
04:24:58 INFO  : 'configparams force-mem-access 1' command is executed.
04:24:58 INFO  : Context for 'APU' is selected.
04:24:59 INFO  : 'stop' command is executed.
04:24:59 INFO  : 'ps7_init' command is executed.
04:24:59 INFO  : 'ps7_post_config' command is executed.
04:24:59 INFO  : Context for processor 'ps7_cortexa9_0' is selected.
04:24:59 INFO  : Processor reset is completed for 'ps7_cortexa9_0'.
04:24:59 INFO  : Context for processor 'ps7_cortexa9_0' is selected.
04:24:59 INFO  : The application '/home/parallels/vivado/aes7/aes7.sdk/axitest/Debug/axitest.elf' is downloaded to processor 'ps7_cortexa9_0'.
04:24:59 INFO  : 'configparams force-mem-access 0' command is executed.
04:24:59 INFO  : ----------------XSDB Script----------------
connect -url tcp:127.0.0.1:3121
source /home/parallels/vivado/aes7/aes7.sdk/aes7_wrapper_hw_platform_0/ps7_init.tcl
targets -set -nocase -filter {name =~"APU*" && jtag_cable_name =~ "Digilent Zybo Z7 210351A77ECFA"} -index 0
loadhw -hw /home/parallels/vivado/aes7/aes7.sdk/aes7_wrapper_hw_platform_0/system.hdf -mem-ranges [list {0x40000000 0xbfffffff}]
configparams force-mem-access 1
targets -set -nocase -filter {name =~"APU*" && jtag_cable_name =~ "Digilent Zybo Z7 210351A77ECFA"} -index 0
stop
ps7_init
ps7_post_config
targets -set -nocase -filter {name =~ "ARM*#0" && jtag_cable_name =~ "Digilent Zybo Z7 210351A77ECFA"} -index 0
rst -processor
targets -set -nocase -filter {name =~ "ARM*#0" && jtag_cable_name =~ "Digilent Zybo Z7 210351A77ECFA"} -index 0
dow /home/parallels/vivado/aes7/aes7.sdk/axitest/Debug/axitest.elf
configparams force-mem-access 0
----------------End of Script----------------

04:25:00 INFO  : Memory regions updated for context APU
04:25:00 INFO  : Context for processor 'ps7_cortexa9_0' is selected.
04:25:00 INFO  : 'con' command is executed.
04:25:00 INFO  : ----------------XSDB Script (After Launch)----------------
targets -set -nocase -filter {name =~ "ARM*#0" && jtag_cable_name =~ "Digilent Zybo Z7 210351A77ECFA"} -index 0
con
----------------End of Script----------------

04:25:00 INFO  : Launch script is exported to file '/home/parallels/vivado/aes7/aes7.sdk/.sdk/launch_scripts/xilinx_c-c++_application_(system_debugger)/system_debugger_using_debug_axitest.elf_on_local.tcl'
